TN:
SF:app/app.js
FNF:0
FNH:0
DA:8,1
DA:11,1
DA:12,1
DA:13,1
DA:16,1
LF:5
LH:5
BRF:0
BRH:0
end_of_record
TN:
SF:app/breakpoints.js
FNF:0
FNH:0
LF:0
LH:0
BRF:0
BRH:0
end_of_record
TN:
SF:app/formats.js
FNF:0
FNH:0
LF:0
LH:0
BRF:0
BRH:0
end_of_record
TN:
SF:app/router.js
FN:16,(anonymous_0)
FN:19,(anonymous_1)
FN:35,(anonymous_2)
FN:42,(anonymous_3)
FN:50,(anonymous_4)
FN:51,(anonymous_5)
FN:52,(anonymous_6)
FN:57,(anonymous_7)
FN:63,(anonymous_8)
FN:66,(anonymous_9)
FN:74,(anonymous_10)
FN:76,(anonymous_11)
FN:79,(anonymous_12)
FN:80,(anonymous_13)
FN:95,(anonymous_14)
FN:96,(anonymous_15)
FN:98,(anonymous_16)
FN:107,(anonymous_17)
FN:109,(anonymous_18)
FN:116,(anonymous_19)
FN:120,(anonymous_20)
FN:122,(anonymous_21)
FN:126,(anonymous_22)
FN:135,(anonymous_23)
FN:139,(anonymous_24)
FN:142,(anonymous_25)
FN:143,(anonymous_26)
FN:147,(anonymous_27)
FN:148,(anonymous_28)
FN:151,(anonymous_29)
FN:156,(anonymous_30)
FN:157,(anonymous_31)
FN:164,(anonymous_32)
FN:166,(anonymous_33)
FN:171,(anonymous_34)
FN:175,(anonymous_35)
FN:179,(anonymous_36)
FN:185,(anonymous_37)
FN:189,(anonymous_38)
FN:191,(anonymous_39)
FN:196,(anonymous_40)
FN:205,(anonymous_41)
FN:209,(anonymous_42)
FN:218,(anonymous_43)
FN:220,(anonymous_44)
FN:221,(anonymous_45)
FN:222,(anonymous_46)
FN:224,(anonymous_47)
FN:231,(anonymous_48)
FN:236,(anonymous_49)
FN:238,(anonymous_50)
FN:241,(anonymous_51)
FN:245,(anonymous_52)
FN:249,(anonymous_53)
FN:250,(anonymous_54)
FN:251,(anonymous_55)
FN:252,(anonymous_56)
FN:257,(anonymous_57)
FN:262,(anonymous_58)
FN:263,(anonymous_59)
FN:272,(anonymous_60)
FN:273,(anonymous_61)
FN:282,(anonymous_62)
FN:283,(anonymous_63)
FN:286,(anonymous_64)
FN:287,(anonymous_65)
FN:290,(anonymous_66)
FN:298,(anonymous_67)
FN:299,(anonymous_68)
FN:302,(anonymous_69)
FN:306,(anonymous_70)
FN:307,(anonymous_71)
FN:311,(anonymous_72)
FN:312,(anonymous_73)
FN:325,(anonymous_74)
FN:327,(anonymous_75)
FN:328,(anonymous_76)
FN:331,(anonymous_77)
FN:337,(anonymous_78)
FN:343,(anonymous_79)
FN:348,(anonymous_80)
FN:358,(anonymous_81)
FN:359,(anonymous_82)
FN:363,(anonymous_83)
FN:365,(anonymous_84)
FN:370,(anonymous_85)
FN:373,(anonymous_86)
FN:381,(anonymous_87)
FN:382,(anonymous_88)
FN:383,(anonymous_89)
FN:388,(anonymous_90)
FN:395,(anonymous_91)
FN:396,(anonymous_92)
FN:417,(anonymous_93)
FN:418,(anonymous_94)
FN:421,(anonymous_95)
FN:422,(anonymous_96)
FN:428,(anonymous_97)
FN:435,(anonymous_98)
FN:442,(anonymous_99)
FN:447,(anonymous_100)
FN:448,(anonymous_101)
FN:452,(anonymous_102)
FN:457,(anonymous_103)
FN:458,(anonymous_104)
FN:461,(anonymous_105)
FN:465,(anonymous_106)
FN:468,(anonymous_107)
FN:469,(anonymous_108)
FN:470,(anonymous_109)
FN:475,(anonymous_110)
FN:482,(anonymous_111)
FN:483,(anonymous_112)
FN:490,(anonymous_113)
FN:491,(anonymous_114)
FN:495,(anonymous_115)
FN:496,(anonymous_116)
FN:502,(anonymous_117)
FN:503,(anonymous_118)
FN:509,(anonymous_119)
FN:511,(anonymous_120)
FN:515,(anonymous_121)
FN:518,(anonymous_122)
FN:521,(anonymous_123)
FN:527,(anonymous_124)
FN:530,(anonymous_125)
FN:534,(anonymous_126)
FN:538,(anonymous_127)
FN:544,(anonymous_128)
FN:550,(anonymous_129)
FN:553,(anonymous_130)
FN:557,(anonymous_131)
FN:561,(anonymous_132)
FN:565,(anonymous_133)
FN:571,(anonymous_134)
FN:579,(anonymous_135)
FN:582,(anonymous_136)
FN:587,(anonymous_137)
FN:591,(anonymous_138)
FN:593,(anonymous_139)
FN:598,(anonymous_140)
FN:599,(anonymous_141)
FN:608,(anonymous_142)
FN:609,(anonymous_143)
FN:611,(anonymous_144)
FN:616,(anonymous_145)
FN:619,(anonymous_146)
FN:620,(anonymous_147)
FN:630,(anonymous_148)
FN:634,(anonymous_149)
FN:647,(anonymous_150)
FN:648,(anonymous_151)
FN:653,(anonymous_152)
FNF:153
FNH:153
FNDA:146,(anonymous_0)
FNDA:82,(anonymous_1)
FNDA:82,(anonymous_2)
FNDA:174,(anonymous_3)
FNDA:59,(anonymous_4)
FNDA:59,(anonymous_5)
FNDA:59,(anonymous_6)
FNDA:59,(anonymous_7)
FNDA:59,(anonymous_8)
FNDA:59,(anonymous_9)
FNDA:59,(anonymous_10)
FNDA:59,(anonymous_11)
FNDA:59,(anonymous_12)
FNDA:59,(anonymous_13)
FNDA:59,(anonymous_14)
FNDA:59,(anonymous_15)
FNDA:59,(anonymous_16)
FNDA:59,(anonymous_17)
FNDA:59,(anonymous_18)
FNDA:59,(anonymous_19)
FNDA:59,(anonymous_20)
FNDA:59,(anonymous_21)
FNDA:59,(anonymous_22)
FNDA:59,(anonymous_23)
FNDA:59,(anonymous_24)
FNDA:59,(anonymous_25)
FNDA:59,(anonymous_26)
FNDA:59,(anonymous_27)
FNDA:59,(anonymous_28)
FNDA:59,(anonymous_29)
FNDA:59,(anonymous_30)
FNDA:59,(anonymous_31)
FNDA:59,(anonymous_32)
FNDA:59,(anonymous_33)
FNDA:59,(anonymous_34)
FNDA:59,(anonymous_35)
FNDA:59,(anonymous_36)
FNDA:59,(anonymous_37)
FNDA:59,(anonymous_38)
FNDA:59,(anonymous_39)
FNDA:59,(anonymous_40)
FNDA:59,(anonymous_41)
FNDA:59,(anonymous_42)
FNDA:59,(anonymous_43)
FNDA:59,(anonymous_44)
FNDA:59,(anonymous_45)
FNDA:59,(anonymous_46)
FNDA:59,(anonymous_47)
FNDA:59,(anonymous_48)
FNDA:59,(anonymous_49)
FNDA:59,(anonymous_50)
FNDA:59,(anonymous_51)
FNDA:59,(anonymous_52)
FNDA:59,(anonymous_53)
FNDA:59,(anonymous_54)
FNDA:59,(anonymous_55)
FNDA:59,(anonymous_56)
FNDA:59,(anonymous_57)
FNDA:59,(anonymous_58)
FNDA:59,(anonymous_59)
FNDA:59,(anonymous_60)
FNDA:59,(anonymous_61)
FNDA:59,(anonymous_62)
FNDA:59,(anonymous_63)
FNDA:59,(anonymous_64)
FNDA:59,(anonymous_65)
FNDA:59,(anonymous_66)
FNDA:59,(anonymous_67)
FNDA:59,(anonymous_68)
FNDA:59,(anonymous_69)
FNDA:59,(anonymous_70)
FNDA:59,(anonymous_71)
FNDA:59,(anonymous_72)
FNDA:59,(anonymous_73)
FNDA:59,(anonymous_74)
FNDA:59,(anonymous_75)
FNDA:59,(anonymous_76)
FNDA:59,(anonymous_77)
FNDA:59,(anonymous_78)
FNDA:59,(anonymous_79)
FNDA:59,(anonymous_80)
FNDA:59,(anonymous_81)
FNDA:59,(anonymous_82)
FNDA:59,(anonymous_83)
FNDA:59,(anonymous_84)
FNDA:59,(anonymous_85)
FNDA:59,(anonymous_86)
FNDA:59,(anonymous_87)
FNDA:59,(anonymous_88)
FNDA:59,(anonymous_89)
FNDA:59,(anonymous_90)
FNDA:59,(anonymous_91)
FNDA:59,(anonymous_92)
FNDA:59,(anonymous_93)
FNDA:59,(anonymous_94)
FNDA:59,(anonymous_95)
FNDA:59,(anonymous_96)
FNDA:59,(anonymous_97)
FNDA:59,(anonymous_98)
FNDA:59,(anonymous_99)
FNDA:59,(anonymous_100)
FNDA:59,(anonymous_101)
FNDA:59,(anonymous_102)
FNDA:59,(anonymous_103)
FNDA:59,(anonymous_104)
FNDA:59,(anonymous_105)
FNDA:59,(anonymous_106)
FNDA:59,(anonymous_107)
FNDA:59,(anonymous_108)
FNDA:59,(anonymous_109)
FNDA:59,(anonymous_110)
FNDA:59,(anonymous_111)
FNDA:59,(anonymous_112)
FNDA:59,(anonymous_113)
FNDA:59,(anonymous_114)
FNDA:59,(anonymous_115)
FNDA:59,(anonymous_116)
FNDA:59,(anonymous_117)
FNDA:59,(anonymous_118)
FNDA:59,(anonymous_119)
FNDA:59,(anonymous_120)
FNDA:59,(anonymous_121)
FNDA:59,(anonymous_122)
FNDA:59,(anonymous_123)
FNDA:59,(anonymous_124)
FNDA:59,(anonymous_125)
FNDA:59,(anonymous_126)
FNDA:59,(anonymous_127)
FNDA:59,(anonymous_128)
FNDA:59,(anonymous_129)
FNDA:59,(anonymous_130)
FNDA:59,(anonymous_131)
FNDA:59,(anonymous_132)
FNDA:59,(anonymous_133)
FNDA:59,(anonymous_134)
FNDA:59,(anonymous_135)
FNDA:59,(anonymous_136)
FNDA:59,(anonymous_137)
FNDA:59,(anonymous_138)
FNDA:59,(anonymous_139)
FNDA:59,(anonymous_140)
FNDA:59,(anonymous_141)
FNDA:59,(anonymous_142)
FNDA:59,(anonymous_143)
FNDA:59,(anonymous_144)
FNDA:59,(anonymous_145)
FNDA:59,(anonymous_146)
FNDA:59,(anonymous_147)
FNDA:59,(anonymous_148)
FNDA:59,(anonymous_149)
FNDA:59,(anonymous_150)
FNDA:59,(anonymous_151)
FNDA:59,(anonymous_152)
DA:5,1
DA:8,146
DA:9,146
DA:17,146
DA:19,146
DA:20,82
DA:21,82
DA:27,56
DA:28,56
DA:30,26
DA:33,146
DA:35,146
DA:37,82
DA:38,0
DA:42,146
DA:44,174
DA:50,1
DA:51,59
DA:52,59
DA:53,59
DA:56,59
DA:57,59
DA:58,59
DA:59,59
DA:60,59
DA:61,59
DA:62,59
DA:63,59
DA:64,59
DA:66,59
DA:67,59
DA:69,59
DA:70,59
DA:71,59
DA:73,59
DA:74,59
DA:75,59
DA:76,59
DA:77,59
DA:79,59
DA:80,59
DA:81,59
DA:84,59
DA:85,59
DA:88,59
DA:91,59
DA:95,59
DA:96,59
DA:97,59
DA:98,59
DA:99,59
DA:100,59
DA:102,59
DA:103,59
DA:104,59
DA:105,59
DA:106,59
DA:107,59
DA:108,59
DA:109,59
DA:110,59
DA:112,59
DA:116,59
DA:117,59
DA:121,59
DA:122,59
DA:123,59
DA:127,59
DA:133,59
DA:135,59
DA:136,59
DA:138,59
DA:139,59
DA:140,59
DA:142,59
DA:143,59
DA:144,59
DA:147,59
DA:148,59
DA:149,59
DA:151,59
DA:152,59
DA:153,59
DA:155,59
DA:156,59
DA:157,59
DA:158,59
DA:159,59
DA:162,59
DA:164,59
DA:165,59
DA:166,59
DA:167,59
DA:168,59
DA:169,59
DA:170,59
DA:171,59
DA:172,59
DA:175,59
DA:176,59
DA:177,59
DA:179,59
DA:180,59
DA:181,59
DA:183,59
DA:184,59
DA:185,59
DA:186,59
DA:187,59
DA:188,59
DA:189,59
DA:190,59
DA:191,59
DA:192,59
DA:194,59
DA:195,59
DA:196,59
DA:197,59
DA:198,59
DA:200,59
DA:201,59
DA:202,59
DA:205,59
DA:206,59
DA:207,59
DA:209,59
DA:210,59
DA:211,59
DA:212,59
DA:213,59
DA:214,59
DA:215,59
DA:218,59
DA:219,59
DA:220,59
DA:221,59
DA:222,59
DA:223,59
DA:224,59
DA:225,59
DA:230,59
DA:231,59
DA:232,59
DA:233,59
DA:234,59
DA:236,59
DA:237,59
DA:238,59
DA:239,59
DA:241,59
DA:242,59
DA:245,59
DA:246,59
DA:247,59
DA:249,59
DA:250,59
DA:251,59
DA:252,59
DA:253,59
DA:255,59
DA:257,59
DA:258,59
DA:259,59
DA:261,59
DA:262,59
DA:263,59
DA:264,59
DA:266,59
DA:268,59
DA:269,59
DA:272,59
DA:273,59
DA:274,59
DA:276,59
DA:277,59
DA:278,59
DA:279,59
DA:282,59
DA:283,59
DA:284,59
DA:286,59
DA:287,59
DA:288,59
DA:290,59
DA:291,59
DA:298,59
DA:299,59
DA:300,59
DA:302,59
DA:303,59
DA:304,59
DA:306,59
DA:307,59
DA:308,59
DA:311,59
DA:312,59
DA:313,59
DA:315,59
DA:316,59
DA:317,59
DA:318,59
DA:319,59
DA:322,59
DA:323,59
DA:325,59
DA:326,59
DA:327,59
DA:328,59
DA:329,59
DA:330,59
DA:331,59
DA:332,59
DA:334,59
DA:335,59
DA:337,59
DA:338,59
DA:342,59
DA:343,59
DA:344,59
DA:345,59
DA:346,59
DA:348,59
DA:349,59
DA:350,59
DA:351,59
DA:352,59
DA:353,59
DA:354,59
DA:355,59
DA:356,59
DA:358,59
DA:359,59
DA:360,59
DA:361,59
DA:363,59
DA:364,59
DA:365,59
DA:366,59
DA:367,59
DA:370,59
DA:371,59
DA:372,59
DA:373,59
DA:374,59
DA:376,59
DA:378,59
DA:381,59
DA:382,59
DA:383,59
DA:384,59
DA:385,59
DA:389,59
DA:393,59
DA:395,59
DA:396,59
DA:397,59
DA:398,59
DA:402,59
DA:403,59
DA:406,59
DA:409,59
DA:410,59
DA:412,59
DA:418,59
DA:419,59
DA:421,59
DA:422,59
DA:423,59
DA:425,59
DA:429,59
DA:435,59
DA:436,59
DA:437,59
DA:442,59
DA:443,59
DA:444,59
DA:447,59
DA:448,59
DA:449,59
DA:451,59
DA:452,59
DA:453,59
DA:454,59
DA:457,59
DA:458,59
DA:459,59
DA:461,59
DA:462,59
DA:465,59
DA:466,59
DA:468,59
DA:469,59
DA:470,59
DA:471,59
DA:472,59
DA:476,59
DA:480,59
DA:482,59
DA:483,59
DA:484,59
DA:485,59
DA:489,59
DA:490,59
DA:491,59
DA:492,59
DA:495,59
DA:496,59
DA:497,59
DA:502,59
DA:503,59
DA:504,59
DA:505,59
DA:507,59
DA:508,59
DA:509,59
DA:510,59
DA:511,59
DA:512,59
DA:515,59
DA:516,59
DA:517,59
DA:518,59
DA:519,59
DA:521,59
DA:522,59
DA:523,59
DA:524,59
DA:527,59
DA:528,59
DA:529,59
DA:530,59
DA:531,59
DA:534,59
DA:535,59
DA:537,59
DA:538,59
DA:539,59
DA:540,59
DA:541,59
DA:543,59
DA:544,59
DA:545,59
DA:546,59
DA:547,59
DA:548,59
DA:549,59
DA:550,59
DA:551,59
DA:552,59
DA:553,59
DA:554,59
DA:557,59
DA:558,59
DA:559,59
DA:560,59
DA:561,59
DA:562,59
DA:565,59
DA:566,59
DA:567,59
DA:568,59
DA:569,59
DA:571,59
DA:572,59
DA:573,59
DA:574,59
DA:575,59
DA:576,59
DA:579,59
DA:580,59
DA:581,59
DA:582,59
DA:583,59
DA:584,59
DA:585,59
DA:587,59
DA:588,59
DA:591,59
DA:592,59
DA:593,59
DA:594,59
DA:596,59
DA:597,59
DA:598,59
DA:599,59
DA:600,59
DA:602,59
DA:604,59
DA:608,59
DA:609,59
DA:610,59
DA:611,59
DA:612,59
DA:613,59
DA:615,59
DA:616,59
DA:617,59
DA:618,59
DA:619,59
DA:620,59
DA:621,59
DA:624,59
DA:626,59
DA:630,59
DA:631,59
DA:632,59
DA:633,59
DA:634,59
DA:635,59
DA:636,59
DA:637,59
DA:638,59
DA:639,59
DA:640,59
DA:641,59
DA:642,59
DA:644,59
DA:647,59
DA:648,59
DA:649,59
DA:653,59
DA:654,59
LF:422
LH:421
BRDA:21,0,0,56
BRDA:21,0,1,26
BRDA:22,1,0,82
BRDA:22,1,1,82
BRDA:22,1,2,82
BRDA:22,1,3,56
BRDA:37,2,0,0
BRDA:37,2,1,82
BRF:8
BRH:7
end_of_record
TN:
SF:app/transitions.js
FN:5,(anonymous_0)
FN:21,(anonymous_1)
FNF:2
FNH:1
FNDA:1,(anonymous_0)
FNDA:0,(anonymous_1)
DA:3,1
DA:6,1
DA:7,1
DA:8,1
DA:14,1
DA:19,1
DA:22,0
DA:27,1
DA:29,1
LF:9
LH:8
BRDA:3,0,0,1
BRDA:3,0,1,0
BRDA:27,1,0,1
BRDA:27,1,1,0
BRF:4
BRH:2
end_of_record
TN:
SF:app/adapters/application.js
FN:23,(anonymous_0)
FN:27,_getParamsFromContexts
FN:36,(anonymous_2)
FN:72,(anonymous_3)
FN:80,(anonymous_4)
FN:84,(anonymous_5)
FN:96,(anonymous_6)
FNF:7
FNH:7
FNDA:106,(anonymous_0)
FNDA:2,_getParamsFromContexts
FNDA:219,(anonymous_2)
FNDA:436,(anonymous_3)
FNDA:507,(anonymous_4)
FNDA:10,(anonymous_5)
FNDA:217,(anonymous_6)
DA:21,106
DA:24,106
DA:28,2
DA:29,2
DA:36,106
DA:37,219
DA:39,219
DA:40,219
DA:43,219
DA:47,11
DA:50,208
DA:55,2
DA:59,219
DA:60,91
DA:63,219
DA:64,215
DA:66,4
DA:73,436
DA:81,507
DA:85,10
DA:86,10
DA:93,10
DA:97,217
DA:98,1
DA:106,217
LF:25
LH:25
BRDA:37,0,0,219
BRDA:37,0,1,0
BRDA:43,1,0,11
BRDA:43,1,1,208
BRDA:44,2,0,219
BRDA:44,2,1,219
BRDA:50,3,0,2
BRDA:50,3,1,206
BRDA:51,4,0,208
BRDA:51,4,1,122
BRDA:51,4,2,79
BRDA:59,5,0,91
BRDA:59,5,1,128
BRDA:97,6,0,1
BRDA:97,6,1,216
BRF:15
BRH:14
end_of_record
TN:
SF:app/adapters/assessment-item.js
FN:4,(anonymous_0)
FNF:1
FNH:0
FNDA:0,(anonymous_0)
DA:5,0
LF:1
LH:0
BRF:0
BRH:0
end_of_record
TN:
SF:app/adapters/assessment-lite.js
FN:4,(anonymous_0)
FNF:1
FNH:1
FNDA:1,(anonymous_0)
DA:5,1
LF:1
LH:1
BRF:0
BRH:0
end_of_record
TN:
SF:app/adapters/assessment.js
FN:4,(anonymous_0)
FN:16,(anonymous_1)
FNF:2
FNH:0
FNDA:0,(anonymous_0)
FNDA:0,(anonymous_1)
DA:5,0
DA:7,0
DA:8,0
DA:10,0
DA:11,0
DA:14,0
DA:17,0
DA:18,0
DA:20,0
LF:9
LH:0
BRDA:7,0,0,0
BRDA:7,0,1,0
BRDA:7,1,0,0
BRDA:7,1,1,0
BRDA:10,2,0,0
BRDA:10,2,1,0
BRDA:17,3,0,0
BRDA:17,3,1,0
BRF:8
BRH:0
end_of_record
TN:
SF:app/adapters/badge.js
FNF:0
FNH:0
LF:0
LH:0
BRF:0
BRH:0
end_of_record
TN:
SF:app/adapters/consumer-coupon.js
FN:4,(anonymous_0)
FNF:1
FNH:0
FNDA:0,(anonymous_0)
DA:5,0
LF:1
LH:0
BRF:0
BRH:0
end_of_record
TN:
SF:app/adapters/consumer-gift-card.js
FN:4,(anonymous_0)
FN:8,(anonymous_1)
FN:12,(anonymous_2)
FNF:3
FNH:0
FNDA:0,(anonymous_0)
FNDA:0,(anonymous_1)
FNDA:0,(anonymous_2)
DA:5,0
DA:9,0
DA:13,0
LF:3
LH:0
BRF:0
BRH:0
end_of_record
TN:
SF:app/adapters/consumer-profile.js
FN:4,(anonymous_0)
FNF:1
FNH:0
FNDA:0,(anonymous_0)
DA:5,0
LF:1
LH:0
BRF:0
BRH:0
end_of_record
TN:
SF:app/adapters/foundations-member-insight.js
FN:4,(anonymous_0)
FNF:1
FNH:0
FNDA:0,(anonymous_0)
DA:5,0
LF:1
LH:0
BRF:0
BRH:0
end_of_record
TN:
SF:app/adapters/growth-plan-item.js
FN:4,(anonymous_0)
FNF:1
FNH:0
FNDA:0,(anonymous_0)
DA:5,0
LF:1
LH:0
BRF:0
BRH:0
end_of_record
TN:
SF:app/adapters/growth-plan.js
FN:4,(anonymous_0)
FN:14,(anonymous_1)
FNF:2
FNH:1
FNDA:2,(anonymous_0)
FNDA:0,(anonymous_1)
DA:5,2
DA:6,1
DA:8,1
DA:9,1
DA:11,0
DA:15,0
LF:6
LH:4
BRDA:5,0,0,1
BRDA:5,0,1,1
BRDA:8,1,0,1
BRDA:8,1,1,0
BRF:4
BRH:3
end_of_record
TN:
SF:app/adapters/identify-ai-recommendation.js
FN:4,(anonymous_0)
FNF:1
FNH:0
FNDA:0,(anonymous_0)
DA:5,0
LF:1
LH:0
BRF:0
BRH:0
end_of_record
TN:
SF:app/adapters/member-engagement.js
FN:4,(anonymous_0)
FN:7,(anonymous_1)
FNF:2
FNH:0
FNDA:0,(anonymous_0)
FNDA:0,(anonymous_1)
DA:5,0
DA:9,0
LF:2
LH:0
BRF:0
BRH:0
end_of_record
TN:
SF:app/adapters/note.js
FN:4,(anonymous_0)
FNF:1
FNH:0
FNDA:0,(anonymous_0)
DA:5,0
DA:7,0
LF:2
LH:0
BRF:0
BRH:0
end_of_record
TN:
SF:app/adapters/one-on-one-relationship.js
FN:4,(anonymous_0)
FNF:1
FNH:0
FNDA:0,(anonymous_0)
DA:5,0
DA:6,0
DA:8,0
LF:3
LH:0
BRF:0
BRH:0
end_of_record
TN:
SF:app/adapters/one-on-one-topic.js
FN:4,(anonymous_0)
FN:14,(anonymous_1)
FNF:2
FNH:0
FNDA:0,(anonymous_0)
FNDA:0,(anonymous_1)
DA:5,0
DA:7,0
DA:8,0
DA:11,0
DA:15,0
DA:17,0
DA:18,0
DA:21,0
LF:8
LH:0
BRDA:7,0,0,0
BRDA:7,0,1,0
BRDA:17,1,0,0
BRDA:17,1,1,0
BRF:4
BRH:0
end_of_record
TN:
SF:app/adapters/pad-group-coaching-series.js
FN:4,(anonymous_0)
FNF:1
FNH:0
FNDA:0,(anonymous_0)
DA:5,0
LF:1
LH:0
BRF:0
BRH:0
end_of_record
TN:
SF:app/adapters/quick-filter.js
FN:4,(anonymous_0)
FNF:1
FNH:0
FNDA:0,(anonymous_0)
DA:5,0
LF:1
LH:0
BRF:0
BRH:0
end_of_record
TN:
SF:app/adapters/rated-resource.js
FN:4,(anonymous_0)
FN:9,(anonymous_1)
FN:14,(anonymous_2)
FNF:3
FNH:2
FNDA:0,(anonymous_0)
FNDA:2,(anonymous_1)
FNDA:2,(anonymous_2)
DA:5,0
DA:6,0
DA:10,2
DA:11,2
DA:15,2
DA:16,2
DA:17,2
DA:18,0
DA:22,2
DA:23,1
DA:25,2
DA:26,1
DA:28,2
DA:29,2
DA:30,1
DA:32,2
LF:16
LH:13
BRDA:17,0,0,0
BRDA:17,0,1,2
BRDA:22,1,0,1
BRDA:22,1,1,1
BRDA:25,2,0,1
BRDA:25,2,1,1
BRDA:29,3,0,1
BRDA:29,3,1,1
BRF:8
BRH:7
end_of_record
TN:
SF:app/adapters/reporting-group.js
FN:4,(anonymous_0)
FNF:1
FNH:0
FNDA:0,(anonymous_0)
DA:5,0
LF:1
LH:0
BRF:0
BRH:0
end_of_record
TN:
SF:app/adapters/reports-insight.js
FN:4,(anonymous_0)
FNF:1
FNH:0
FNDA:0,(anonymous_0)
DA:5,0
LF:1
LH:0
BRF:0
BRH:0
end_of_record
TN:
SF:app/adapters/reports-product-type.js
FN:4,(anonymous_0)
FNF:1
FNH:0
FNDA:0,(anonymous_0)
DA:5,0
LF:1
LH:0
BRF:0
BRH:0
end_of_record
TN:
SF:app/adapters/reports-topline-engagement.js
FN:4,(anonymous_0)
FNF:1
FNH:0
FNDA:0,(anonymous_0)
DA:5,0
LF:1
LH:0
BRF:0
BRH:0
end_of_record
TN:
SF:app/adapters/reports-topline-satisfaction.js
FN:4,(anonymous_0)
FNF:1
FNH:0
FNDA:0,(anonymous_0)
DA:5,0
LF:1
LH:0
BRF:0
BRH:0
end_of_record
TN:
SF:app/adapters/saved-resource.js
FN:4,(anonymous_0)
FNF:1
FNH:1
FNDA:2,(anonymous_0)
DA:5,2
DA:7,2
DA:8,2
DA:9,0
DA:13,2
DA:14,1
DA:16,2
DA:17,1
DA:19,2
DA:20,2
DA:21,1
DA:24,2
LF:12
LH:11
BRDA:8,0,0,0
BRDA:8,0,1,2
BRDA:13,1,0,1
BRDA:13,1,1,1
BRDA:16,2,0,1
BRDA:16,2,1,1
BRDA:20,3,0,1
BRDA:20,3,1,1
BRF:8
BRH:7
end_of_record
TN:
SF:app/adapters/section-definition.js
FN:4,(anonymous_0)
FNF:1
FNH:0
FNDA:0,(anonymous_0)
DA:5,0
LF:1
LH:0
BRF:0
BRH:0
end_of_record
TN:
SF:app/adapters/testimonial.js
FN:4,(anonymous_0)
FNF:1
FNH:0
FNDA:0,(anonymous_0)
DA:5,0
LF:1
LH:0
BRF:0
BRH:0
end_of_record
TN:
SF:app/adapters/timeslot.js
FN:4,(anonymous_0)
FN:10,(anonymous_1)
FN:14,(anonymous_2)
FNF:3
FNH:2
FNDA:2,(anonymous_0)
FNDA:0,(anonymous_1)
FNDA:2,(anonymous_2)
DA:5,2
DA:6,2
DA:7,2
DA:11,0
DA:15,2
LF:5
LH:4
BRF:0
BRH:0
end_of_record
TN:
SF:app/adapters/today-item.js
FN:4,(anonymous_0)
FNF:1
FNH:0
FNDA:0,(anonymous_0)
DA:5,0
LF:1
LH:0
BRF:0
BRH:0
end_of_record
TN:
SF:app/adapters/user-group.js
FN:4,(anonymous_0)
FNF:1
FNH:1
FNDA:3,(anonymous_0)
DA:5,3
DA:6,3
DA:7,3
DA:10,0
DA:11,0
DA:13,0
LF:6
LH:3
BRDA:5,0,0,3
BRDA:5,0,1,0
BRF:2
BRH:1
end_of_record
TN:
SF:app/adapters/user-search-result.js
FN:4,(anonymous_0)
FNF:1
FNH:0
FNDA:0,(anonymous_0)
DA:5,0
DA:6,0
LF:2
LH:0
BRF:0
BRH:0
end_of_record
TN:
SF:app/adapters/user.js
FN:4,(anonymous_0)
FNF:1
FNH:0
FNDA:0,(anonymous_0)
DA:5,0
DA:6,0
DA:7,0
DA:9,0
LF:4
LH:0
BRDA:5,0,0,0
BRDA:5,0,1,0
BRF:2
BRH:0
end_of_record
TN:
SF:app/adapters/workday-configuration.js
FN:6,(anonymous_0)
FN:10,(anonymous_1)
FNF:2
FNH:0
FNDA:0,(anonymous_0)
FNDA:0,(anonymous_1)
DA:4,0
DA:7,0
DA:11,0
LF:3
LH:0
BRF:0
BRH:0
end_of_record
TN:
SF:app/authenticators/application.js
FN:33,(anonymous_0)
FN:37,(anonymous_1)
FN:38,(anonymous_2)
FN:39,(anonymous_3)
FN:42,(anonymous_4)
FN:46,(anonymous_5)
FN:53,(anonymous_6)
FN:54,(anonymous_7)
FNF:8
FNH:0
FNDA:0,(anonymous_0)
FNDA:0,(anonymous_1)
FNDA:0,(anonymous_2)
FNDA:0,(anonymous_3)
FNDA:0,(anonymous_4)
FNDA:0,(anonymous_5)
FNDA:0,(anonymous_6)
FNDA:0,(anonymous_7)
DA:10,0
DA:34,0
DA:38,0
DA:39,0
DA:40,0
DA:43,0
DA:44,0
DA:47,0
DA:54,0
DA:55,0
LF:10
LH:0
BRF:0
BRH:0
end_of_record
TN:
SF:app/constants/betterup-video-url.js
FN:5,buVideoCallUrl
FNF:1
FNH:0
FNDA:0,buVideoCallUrl
DA:3,1
DA:6,0
LF:2
LH:1
BRDA:5,0,0,0
BRF:1
BRH:0
end_of_record
TN:
SF:app/constants/coaching-roles.js
FNF:0
FNH:0
DA:1,1
DA:11,1
LF:2
LH:2
BRF:0
BRH:0
end_of_record
TN:
SF:app/constants/colors.js
FNF:0
FNH:0
DA:4,1
DA:56,1
DA:63,1
LF:3
LH:3
BRF:0
BRH:0
end_of_record
TN:
SF:app/constants/contact-method-icons.js
FNF:0
FNH:0
LF:0
LH:0
BRF:0
BRH:0
end_of_record
TN:
SF:app/constants/contact-methods.js
FNF:0
FNH:0
DA:1,1
LF:1
LH:1
BRF:0
BRH:0
end_of_record
TN:
SF:app/constants/demographics.js
FNF:0
FNH:0
DA:1,1
DA:11,1
DA:13,1
DA:18,1
LF:4
LH:4
BRF:0
BRH:0
end_of_record
TN:
SF:app/constants/drex-industry-keys.js
FNF:0
FNH:0
DA:2,1
LF:1
LH:1
BRF:0
BRH:0
end_of_record
TN:
SF:app/constants/feedback-url.js
FN:1,(anonymous_0)
FNF:1
FNH:0
FNDA:0,(anonymous_0)
DA:2,0
LF:1
LH:0
BRF:0
BRH:0
end_of_record
TN:
SF:app/constants/keycodes.js
FNF:0
FNH:0
LF:0
LH:0
BRF:0
BRH:0
end_of_record
TN:
SF:app/constants/layout-selectors.js
FNF:0
FNH:0
LF:0
LH:0
BRF:0
BRH:0
end_of_record
TN:
SF:app/constants/locations.js
FNF:0
FNH:0
DA:2,1
DA:256,1
LF:2
LH:2
BRF:0
BRH:0
end_of_record
TN:
SF:app/constants/member-invite.js
FNF:0
FNH:0
DA:1,1
LF:1
LH:1
BRF:0
BRH:0
end_of_record
TN:
SF:app/constants/one-on-one.js
FNF:0
FNH:0
DA:1,1
LF:1
LH:1
BRF:0
BRH:0
end_of_record
TN:
SF:app/constants/peer-support-email.js
FNF:0
FNH:0
DA:1,1
LF:1
LH:1
BRF:0
BRH:0
end_of_record
TN:
SF:app/constants/pricing-page-gradients.js
FNF:0
FNH:0
LF:0
LH:0
BRF:0
BRH:0
end_of_record
TN:
SF:app/constants/program-journey-ended.js
FNF:0
FNH:0
DA:2,1
LF:1
LH:1
BRF:0
BRH:0
end_of_record
TN:
SF:app/constants/query-params.js
FNF:0
FNH:0
DA:3,1
LF:1
LH:1
BRF:0
BRH:0
end_of_record
TN:
SF:app/constants/rating-mapper.js
FN:1,(anonymous_0)
FN:10,(anonymous_1)
FNF:2
FNH:2
FNDA:1,(anonymous_0)
FNDA:3,(anonymous_1)
DA:2,1
DA:10,3
LF:2
LH:2
BRF:0
BRH:0
end_of_record
TN:
SF:app/constants/resource-content-modalities.js
FNF:0
FNH:0
LF:0
LH:0
BRF:0
BRH:0
end_of_record
TN:
SF:app/constants/resource-content-types.js
FNF:0
FNH:0
LF:0
LH:0
BRF:0
BRH:0
end_of_record
TN:
SF:app/constants/resource-icons.js
FNF:0
FNH:0
LF:0
LH:0
BRF:0
BRH:0
end_of_record
TN:
SF:app/constants/skill-icons.js
FN:1,(anonymous_0)
FNF:1
FNH:0
FNDA:0,(anonymous_0)
DA:2,0
DA:4,0
DA:6,0
DA:8,0
DA:10,0
DA:12,0
DA:14,0
DA:16,0
DA:18,0
DA:20,0
DA:22,0
DA:24,0
DA:26,0
DA:28,0
DA:30,0
DA:32,0
DA:34,0
DA:36,0
DA:38,0
LF:19
LH:0
BRDA:2,0,0,0
BRDA:2,0,1,0
BRDA:2,0,2,0
BRDA:2,0,3,0
BRDA:2,0,4,0
BRDA:2,0,5,0
BRDA:2,0,6,0
BRDA:2,0,7,0
BRDA:2,0,8,0
BRDA:2,0,9,0
BRDA:2,0,10,0
BRDA:2,0,11,0
BRDA:2,0,12,0
BRDA:2,0,13,0
BRDA:2,0,14,0
BRDA:2,0,15,0
BRDA:2,0,16,0
BRDA:2,0,17,0
BRF:18
BRH:0
end_of_record
TN:
SF:app/constants/support-mail-address.js
FNF:0
FNH:0
DA:1,1
LF:1
LH:1
BRF:0
BRH:0
end_of_record
TN:
SF:app/constants/tokbox.js
FNF:0
FNH:0
LF:0
LH:0
BRF:0
BRH:0
end_of_record
TN:
SF:app/constants/unity-config.js
FNF:0
FNH:0
DA:1,1
LF:1
LH:1
BRF:0
BRH:0
end_of_record
TN:
SF:app/constants/user-group.js
FNF:0
FNH:0
DA:1,1
LF:1
LH:1
BRF:0
BRH:0
end_of_record
TN:
SF:app/constants/wellbeing-clusters.js
FNF:0
FNH:0
LF:0
LH:0
BRF:0
BRH:0
end_of_record
TN:
SF:app/helpers/assessment-response-for-question.js
FN:3,assessmentResponseForQuestion
FN:20,findMatchingOption
FN:21,(anonymous_2)
FN:27,answerSummary
FN:31,formattedNumericResponse
FN:45,formattedStringResponses
FN:48,(anonymous_6)
FNF:7
FNH:0
FNDA:0,assessmentResponseForQuestion
FNDA:0,findMatchingOption
FNDA:0,(anonymous_2)
FNDA:0,answerSummary
FNDA:0,formattedNumericResponse
FNDA:0,formattedStringResponses
FNDA:0,(anonymous_6)
DA:8,0
DA:9,0
DA:10,0
DA:11,0
DA:12,0
DA:13,0
DA:15,0
DA:17,0
DA:21,0
DA:23,0
DA:28,0
DA:32,0
DA:33,0
DA:34,0
DA:35,0
DA:36,0
DA:38,0
DA:39,0
DA:40,0
DA:42,0
DA:46,0
DA:47,0
DA:48,0
DA:49,0
DA:50,0
DA:51,0
DA:53,0
DA:56,0
LF:28
LH:0
BRDA:6,0,0,0
BRDA:11,1,0,0
BRDA:11,1,1,0
BRDA:11,2,0,0
BRDA:11,2,1,0
BRDA:12,3,0,0
BRDA:12,3,1,0
BRDA:23,4,0,0
BRDA:23,4,1,0
BRDA:34,5,0,0
BRDA:34,5,1,0
BRDA:34,6,0,0
BRDA:34,6,1,0
BRDA:34,6,2,0
BRDA:35,7,0,0
BRDA:35,7,1,0
BRDA:39,8,0,0
BRDA:39,8,1,0
BRDA:50,9,0,0
BRDA:50,9,1,0
BRF:20
BRH:0
end_of_record
TN:
SF:app/helpers/background-color.js
FN:4,backgroundColor
FNF:1
FNH:0
FNDA:0,backgroundColor
DA:5,0
LF:1
LH:0
BRF:0
BRH:0
end_of_record
TN:
SF:app/helpers/date-input-format.js
FN:4,(anonymous_0)
FNF:1
FNH:1
FNDA:2,(anonymous_0)
DA:6,2
DA:8,0
DA:9,0
DA:11,0
DA:12,0
DA:14,2
DA:15,2
DA:17,2
LF:8
LH:4
BRDA:4,0,0,0
BRDA:4,1,0,2
BRDA:6,2,0,0
BRDA:6,2,1,0
BRDA:6,2,2,2
BRF:5
BRH:2
end_of_record
TN:
SF:app/helpers/double-eq.js
FN:3,doubleEq
FNF:1
FNH:0
FNDA:0,doubleEq
DA:5,0
LF:1
LH:0
BRF:0
BRH:0
end_of_record
TN:
SF:app/helpers/facetime-url.js
FN:6,facetimeUrl
FNF:1
FNH:0
FNDA:0,facetimeUrl
DA:7,0
DA:8,0
DA:9,0
DA:10,0
DA:12,0
DA:14,0
LF:6
LH:0
BRDA:9,0,0,0
BRDA:9,0,1,0
BRF:2
BRH:0
end_of_record
TN:
SF:app/helpers/factory-list.js
FN:4,factoryList
FNF:1
FNH:0
FNDA:0,factoryList
DA:5,0
DA:6,0
LF:2
LH:0
BRF:0
BRH:0
end_of_record
TN:
SF:app/helpers/factory.js
FN:4,factory
FNF:1
FNH:0
FNDA:0,factory
DA:5,0
DA:6,0
LF:2
LH:0
BRF:0
BRH:0
end_of_record
TN:
SF:app/helpers/format-currency.js
FN:10,(anonymous_0)
FNF:1
FNH:0
FNDA:0,(anonymous_0)
DA:11,0
LF:1
LH:0
BRDA:10,0,0,0
BRDA:10,1,0,0
BRF:2
BRH:0
end_of_record
TN:
SF:app/helpers/format-percent.js
FN:10,(anonymous_0)
FNF:1
FNH:0
FNDA:0,(anonymous_0)
DA:11,0
LF:1
LH:0
BRDA:10,0,0,0
BRF:1
BRH:0
end_of_record
TN:
SF:app/helpers/format-relative-from-now.js
FN:23,(anonymous_0)
FN:56,(anonymous_1)
FNF:2
FNH:2
FNDA:21,(anonymous_0)
FNDA:21,(anonymous_1)
DA:9,1
DA:24,21
DA:25,21
DA:26,21
DA:27,21
DA:28,0
DA:30,21
DA:31,21
DA:32,0
DA:34,21
DA:35,21
DA:36,0
DA:38,21
DA:39,21
DA:40,4
DA:42,17
DA:43,17
DA:44,17
DA:46,17
DA:47,17
DA:48,3
DA:50,14
DA:51,0
DA:53,14
DA:57,21
DA:58,21
DA:59,21
DA:63,21
DA:64,21
DA:66,21
DA:67,21
LF:31
LH:27
BRDA:27,0,0,0
BRDA:27,0,1,21
BRDA:31,1,0,0
BRDA:31,1,1,21
BRDA:35,2,0,0
BRDA:35,2,1,21
BRDA:39,3,0,4
BRDA:39,3,1,17
BRDA:47,4,0,3
BRDA:47,4,1,14
BRDA:47,5,0,17
BRDA:47,5,1,14
BRDA:50,6,0,0
BRDA:50,6,1,14
BRDA:50,7,0,14
BRDA:50,7,1,14
BRDA:57,8,0,21
BRDA:57,8,1,21
BRDA:57,8,2,0
BRDA:58,9,0,21
BRDA:58,9,1,0
BRDA:63,10,0,21
BRDA:63,10,1,0
BRF:23
BRH:16
end_of_record
TN:
SF:app/helpers/hide-safari-smart-banner.js
FN:3,hideSafariSmartBanner
FNF:1
FNH:1
FNDA:1,hideSafariSmartBanner
DA:4,1
DA:7,1
DA:8,1
LF:3
LH:3
BRDA:7,0,0,1
BRDA:7,0,1,0
BRF:2
BRH:1
end_of_record
TN:
SF:app/helpers/hours-and-minutes.js
FN:3,hoursAndMinutes
FNF:1
FNH:1
FNDA:8,hoursAndMinutes
DA:4,8
DA:5,8
DA:6,8
DA:7,8
DA:8,2
DA:10,8
DA:11,5
DA:13,8
DA:14,2
DA:16,8
LF:10
LH:10
BRDA:7,0,0,2
BRDA:7,0,1,6
BRDA:10,1,0,5
BRDA:10,1,1,3
BRDA:13,2,0,2
BRDA:13,2,1,6
BRF:6
BRH:6
end_of_record
TN:
SF:app/helpers/is-number.js
FN:4,isNumber
FNF:1
FNH:0
FNDA:0,isNumber
DA:5,0
LF:1
LH:0
BRF:0
BRH:0
end_of_record
TN:
SF:app/helpers/linkify.js
FN:9,linkify
FN:13,(anonymous_1)
FN:39,opts2attrs
FN:55,urlRegex
FN:60,shortenUrl
FNF:5
FNH:4
FNDA:15,linkify
FNDA:1,(anonymous_1)
FNDA:15,opts2attrs
FNDA:15,urlRegex
FNDA:0,shortenUrl
DA:7,1
DA:10,15
DA:11,15
DA:13,15
DA:15,1
DA:17,1
DA:18,0
DA:19,0
DA:21,0
DA:24,1
DA:27,1
DA:28,0
DA:31,1
DA:34,15
DA:40,15
DA:42,15
DA:43,15
DA:44,45
DA:45,45
DA:46,18
DA:51,15
DA:56,15
DA:61,0
DA:62,0
DA:65,0
LF:25
LH:18
BRDA:17,0,0,0
BRDA:17,0,1,1
BRDA:18,1,0,0
BRDA:18,1,1,0
BRDA:18,2,0,0
BRDA:18,2,1,0
BRDA:27,3,0,0
BRDA:27,3,1,1
BRDA:27,4,0,1
BRDA:27,4,1,1
BRDA:27,4,2,0
BRDA:42,5,0,15
BRDA:42,5,1,0
BRDA:45,6,0,18
BRDA:45,6,1,27
BRDA:61,7,0,0
BRDA:61,7,1,0
BRDA:61,8,0,0
BRDA:61,8,1,0
BRF:19
BRH:7
end_of_record
TN:
SF:app/helpers/moment.js
FN:4,momentHelper
FNF:1
FNH:1
FNDA:1,momentHelper
DA:5,1
LF:1
LH:1
BRF:0
BRH:0
end_of_record
TN:
SF:app/helpers/mutable-hash.js
FN:9,(anonymous_0)
FNF:1
FNH:0
FNDA:0,(anonymous_0)
DA:7,0
DA:10,0
LF:2
LH:0
BRF:0
BRH:0
end_of_record
TN:
SF:app/helpers/now.js
FN:5,now
FNF:1
FNH:1
FNDA:21,now
DA:4,1
DA:6,21
LF:2
LH:2
BRDA:6,0,0,21
BRDA:6,0,1,0
BRF:2
BRH:1
end_of_record
TN:
SF:app/helpers/partner-member-total-duration.js
FN:9,(anonymous_0)
FN:25,(anonymous_1)
FN:76,(anonymous_2)
FN:84,(anonymous_3)
FNF:4
FNH:0
FNDA:0,(anonymous_0)
FNDA:0,(anonymous_1)
FNDA:0,(anonymous_2)
FNDA:0,(anonymous_3)
DA:10,0
DA:11,0
DA:13,0
DA:26,0
DA:29,0
DA:31,0
DA:32,0
DA:33,0
DA:34,0
DA:37,0
DA:38,0
DA:43,0
DA:44,0
DA:49,0
DA:50,0
DA:55,0
DA:56,0
DA:61,0
DA:62,0
DA:67,0
DA:68,0
DA:74,0
DA:75,0
DA:77,0
DA:85,0
LF:25
LH:0
BRDA:10,0,0,0
BRDA:10,0,1,0
BRDA:10,1,0,0
BRDA:10,1,1,0
BRDA:27,2,0,0
BRDA:27,2,1,0
BRDA:31,3,0,0
BRDA:31,3,1,0
BRDA:31,3,2,0
BRDA:32,4,0,0
BRDA:32,4,1,0
BRDA:33,5,0,0
BRDA:33,5,1,0
BRDA:34,6,0,0
BRDA:34,6,1,0
BRDA:37,7,0,0
BRDA:37,7,1,0
BRDA:43,8,0,0
BRDA:43,8,1,0
BRDA:49,9,0,0
BRDA:49,9,1,0
BRDA:55,10,0,0
BRDA:55,10,1,0
BRDA:61,11,0,0
BRDA:61,11,1,0
BRDA:67,12,0,0
BRDA:67,12,1,0
BRDA:85,13,0,0
BRDA:85,13,1,0
BRF:29
BRH:0
end_of_record
TN:
SF:app/helpers/partner-score-index-background.js
FN:3,partnerScoreIndexBackground
FNF:1
FNH:0
FNDA:0,partnerScoreIndexBackground
DA:4,0
DA:27,0
DA:30,0
LF:3
LH:0
BRDA:27,0,0,0
BRDA:27,0,1,0
BRDA:30,1,0,0
BRDA:30,1,1,0
BRDA:30,2,0,0
BRDA:30,2,1,0
BRF:6
BRH:0
end_of_record
TN:
SF:app/helpers/partner-score-index-title.js
FN:8,(anonymous_0)
FN:28,(anonymous_1)
FN:38,(anonymous_2)
FN:58,(anonymous_3)
FN:71,(anonymous_4)
FN:86,(anonymous_5)
FN:99,(anonymous_6)
FN:113,(anonymous_7)
FN:126,(anonymous_8)
FN:133,(anonymous_9)
FNF:10
FNH:0
FNDA:0,(anonymous_0)
FNDA:0,(anonymous_1)
FNDA:0,(anonymous_2)
FNDA:0,(anonymous_3)
FNDA:0,(anonymous_4)
FNDA:0,(anonymous_5)
FNDA:0,(anonymous_6)
FNDA:0,(anonymous_7)
FNDA:0,(anonymous_8)
FNDA:0,(anonymous_9)
DA:9,0
DA:10,0
DA:11,0
DA:14,0
DA:19,0
DA:20,0
DA:25,0
DA:30,0
DA:32,0
DA:39,0
DA:41,0
DA:42,0
DA:44,0
DA:45,0
DA:47,0
DA:48,0
DA:52,0
DA:59,0
DA:63,0
DA:64,0
DA:65,0
DA:72,0
DA:73,0
DA:78,0
DA:87,0
DA:88,0
DA:89,0
DA:90,0
DA:91,0
DA:92,0
DA:94,0
DA:96,0
DA:100,0
DA:102,0
DA:103,0
DA:104,0
DA:105,0
DA:107,0
DA:109,0
DA:110,0
DA:114,0
DA:121,0
DA:123,0
DA:127,0
DA:134,0
LF:45
LH:0
BRDA:9,0,0,0
BRDA:9,0,1,0
BRDA:10,1,0,0
BRDA:10,1,1,0
BRDA:19,2,0,0
BRDA:19,2,1,0
BRDA:41,3,0,0
BRDA:41,3,1,0
BRDA:41,4,0,0
BRDA:41,4,1,0
BRDA:44,5,0,0
BRDA:44,5,1,0
BRDA:47,6,0,0
BRDA:47,6,1,0
BRDA:81,7,0,0
BRDA:81,7,1,0
BRDA:89,8,0,0
BRDA:89,8,1,0
BRDA:91,9,0,0
BRDA:91,9,1,0
BRDA:102,10,0,0
BRDA:102,10,1,0
BRDA:104,11,0,0
BRDA:104,11,1,0
BRDA:109,12,0,0
BRDA:109,12,1,0
BRDA:121,13,0,0
BRDA:121,13,1,0
BRF:28
BRH:0
end_of_record
TN:
SF:app/helpers/question-present-in-assessment-responses.js
FN:3,questionPresentInAssessmentResponses
FNF:1
FNH:1
FNDA:2,questionPresentInAssessmentResponses
DA:7,2
DA:8,2
DA:9,1
DA:11,1
LF:4
LH:4
BRDA:8,0,0,1
BRDA:8,0,1,1
BRF:2
BRH:2
end_of_record
TN:
SF:app/helpers/sentence-list.js
FN:3,(anonymous_0)
FNF:1
FNH:0
FNDA:0,(anonymous_0)
DA:4,0
LF:1
LH:0
BRF:0
BRH:0
end_of_record
TN:
SF:app/helpers/simple-format.js
FN:5,simpleFormat
FNF:1
FNH:1
FNDA:18,simpleFormat
DA:6,18
DA:7,18
DA:8,18
DA:9,18
DA:11,18
DA:12,18
DA:14,18
LF:7
LH:7
BRDA:9,0,0,18
BRDA:9,0,1,0
BRF:2
BRH:1
end_of_record
TN:
SF:app/helpers/split.js
FN:3,(anonymous_0)
FNF:1
FNH:0
FNDA:0,(anonymous_0)
DA:5,0
LF:1
LH:0
BRF:0
BRH:0
end_of_record
TN:
SF:app/helpers/transition-to.js
FN:7,(anonymous_0)
FN:8,(anonymous_1)
FNF:2
FNH:0
FNDA:0,(anonymous_0)
FNDA:0,(anonymous_1)
DA:8,0
DA:9,0
LF:2
LH:0
BRF:0
BRH:0
end_of_record
TN:
SF:app/helpers/within-minutes.js
FN:4,withinMinutes
FNF:1
FNH:0
FNDA:0,withinMinutes
DA:5,0
DA:6,0
DA:7,0
DA:9,0
LF:4
LH:0
BRDA:6,0,0,0
BRDA:6,0,1,0
BRF:2
BRH:0
end_of_record
TN:
SF:app/initializers/ember-simple-auth-setup.js
FN:7,initialize
FNF:1
FNH:1
FNDA:1,initialize
DA:9,1
LF:1
LH:1
BRF:0
BRH:0
end_of_record
TN:
SF:app/initializers/freeze-time-in-tests.js
FN:4,initialize
FN:7,(anonymous_1)
FNF:2
FNH:2
FNDA:1,initialize
FNDA:237,(anonymous_1)
DA:5,1
DA:6,1
DA:7,1
DA:8,237
LF:4
LH:4
BRDA:5,0,0,1
BRDA:5,0,1,0
BRF:2
BRH:1
end_of_record
TN:
SF:app/initializers/install-pwa.js
FN:1,initialize
FN:5,installPromptCallback
FNF:2
FNH:1
FNDA:1,initialize
FNDA:0,installPromptCallback
DA:2,1
DA:3,1
DA:6,0
DA:7,0
DA:8,0
LF:5
LH:2
BRDA:2,0,0,1
BRDA:2,0,1,0
BRF:2
BRH:1
end_of_record
TN:
SF:app/initializers/intl-getcanonicallocales-polyfill.js
FN:3,initialize
FN:13,(anonymous_1)
FNF:2
FNH:1
FNDA:1,initialize
FNDA:0,(anonymous_1)
DA:4,1
DA:5,1
DA:7,0
DA:8,0
DA:10,0
DA:13,0
DA:14,0
LF:7
LH:2
BRDA:4,0,0,1
BRDA:4,0,1,0
BRDA:7,1,0,0
BRDA:7,1,1,0
BRF:4
BRH:1
end_of_record
TN:
SF:app/initializers/load-english-translations.js
FN:10,(anonymous_0)
FN:11,(anonymous_1)
FN:18,(anonymous_2)
FN:20,(anonymous_3)
FN:25,(anonymous_4)
FN:30,(anonymous_5)
FN:37,(anonymous_6)
FN:39,(anonymous_7)
FNF:8
FNH:5
FNDA:1,(anonymous_0)
FNDA:1,(anonymous_1)
FNDA:1,(anonymous_2)
FNDA:1,(anonymous_3)
FNDA:0,(anonymous_4)
FNDA:0,(anonymous_5)
FNDA:1,(anonymous_6)
FNDA:0,(anonymous_7)
DA:1,1
DA:2,1
DA:11,1
DA:12,1
DA:13,0
DA:15,1
DA:19,1
DA:21,1
DA:22,1
DA:23,1
DA:26,0
DA:28,0
DA:30,0
DA:31,0
DA:32,0
DA:38,1
DA:39,1
DA:40,0
DA:42,1
LF:19
LH:12
BRDA:12,0,0,0
BRDA:12,0,1,1
BRDA:26,1,0,0
BRDA:26,1,1,0
BRF:4
BRH:1
end_of_record
TN:
SF:app/initializers/load-itunes-meta-tag.js
FN:4,initialize
FNF:1
FNH:1
FNDA:1,initialize
DA:5,1
DA:6,1
DA:7,1
DA:8,1
DA:9,1
LF:5
LH:5
BRDA:5,0,0,1
BRDA:5,0,1,0
BRDA:5,1,0,1
BRDA:5,1,1,0
BRF:4
BRH:2
end_of_record
TN:
SF:app/instance-initializers/add-english-translations.js
FN:1,initialize
FNF:1
FNH:1
FNDA:410,initialize
DA:2,410
DA:3,410
DA:4,410
LF:3
LH:3
BRF:0
BRH:0
end_of_record
TN:
SF:app/instance-initializers/forethought.js
FN:2,initialize
FNF:1
FNH:1
FNDA:410,initialize
DA:3,410
DA:4,0
LF:2
LH:1
BRDA:3,0,0,0
BRDA:3,0,1,410
BRF:2
BRH:1
end_of_record
TN:
SF:app/instance-initializers/zendesk.js
FN:3,initialize
FNF:1
FNH:1
FNDA:410,initialize
DA:4,410
DA:5,0
LF:2
LH:1
BRDA:4,0,0,0
BRDA:4,0,1,410
BRF:2
BRH:1
end_of_record
TN:
SF:app/mixins/assessment-focus-input.js
FN:13,(anonymous_0)
FN:15,(anonymous_1)
FNF:2
FNH:0
FNDA:0,(anonymous_0)
FNDA:0,(anonymous_1)
DA:14,0
DA:15,0
DA:16,0
DA:20,0
DA:21,0
LF:5
LH:0
BRDA:14,0,0,0
BRDA:14,0,1,0
BRDA:14,1,0,0
BRDA:14,1,1,0
BRDA:14,1,2,0
BRDA:20,2,0,0
BRDA:20,2,1,0
BRDA:20,3,0,0
BRDA:20,3,1,0
BRF:9
BRH:0
end_of_record
TN:
SF:app/mixins/infinity-collection.js
FN:11,(anonymous_0)
FN:15,(anonymous_1)
FN:23,(anonymous_2)
FN:30,(anonymous_3)
FNF:4
FNH:3
FNDA:8,(anonymous_0)
FNDA:4,(anonymous_1)
FNDA:1,(anonymous_2)
FNDA:0,(anonymous_3)
DA:12,8
DA:13,8
DA:16,4
DA:17,4
DA:18,4
DA:19,4
DA:20,4
DA:22,4
DA:23,4
DA:24,1
DA:25,1
DA:28,4
DA:31,0
LF:13
LH:12
BRDA:18,0,0,4
BRDA:18,0,1,0
BRDA:19,1,0,4
BRDA:19,1,1,0
BRDA:24,2,0,1
BRDA:24,2,1,0
BRF:6
BRH:3
end_of_record
TN:
SF:app/mixins/member-appointment-route.js
FN:13,(anonymous_0)
FN:20,(anonymous_1)
FN:23,(anonymous_2)
FN:28,(anonymous_3)
FN:38,(anonymous_4)
FN:55,(anonymous_5)
FNF:6
FNH:0
FNDA:0,(anonymous_0)
FNDA:0,(anonymous_1)
FNDA:0,(anonymous_2)
FNDA:0,(anonymous_3)
FNDA:0,(anonymous_4)
FNDA:0,(anonymous_5)
DA:14,0
DA:15,0
DA:21,0
DA:24,0
DA:25,0
DA:26,0
DA:29,0
DA:30,0
DA:33,0
DA:39,0
DA:40,0
DA:41,0
DA:44,0
DA:45,0
DA:46,0
DA:47,0
DA:49,0
DA:56,0
LF:18
LH:0
BRDA:41,0,0,0
BRDA:41,0,1,0
BRDA:46,1,0,0
BRDA:46,1,1,0
BRF:4
BRH:0
end_of_record
TN:
SF:app/mixins/promise-hash-route.js
FN:8,(anonymous_0)
FN:11,(anonymous_1)
FN:14,(anonymous_2)
FNF:3
FNH:2
FNDA:0,(anonymous_0)
FNDA:15,(anonymous_1)
FNDA:14,(anonymous_2)
DA:9,0
DA:12,15
DA:15,14
LF:3
LH:2
BRF:0
BRH:0
end_of_record
TN:
SF:app/mixins/pubnub-subscriber.js
FN:8,(anonymous_0)
FN:11,(anonymous_1)
FN:15,(anonymous_2)
FN:26,(anonymous_3)
FN:27,(anonymous_4)
FN:35,(anonymous_5)
FNF:6
FNH:2
FNDA:110,(anonymous_0)
FNDA:0,(anonymous_1)
FNDA:0,(anonymous_2)
FNDA:0,(anonymous_3)
FNDA:110,(anonymous_4)
FNDA:0,(anonymous_5)
DA:9,110
DA:10,110
DA:12,0
DA:15,110
DA:16,0
DA:17,0
DA:19,0
DA:20,0
DA:21,0
DA:28,110
DA:29,110
DA:31,110
DA:32,0
DA:36,0
DA:37,0
LF:15
LH:6
BRDA:19,0,0,0
BRDA:19,0,1,0
BRDA:19,1,0,0
BRDA:19,1,1,0
BRDA:31,2,0,0
BRDA:31,2,1,110
BRF:6
BRH:1
end_of_record
TN:
SF:app/mixins/require-role.js
FN:8,(anonymous_0)
FNF:1
FNH:1
FNDA:18,(anonymous_0)
DA:9,18
LF:1
LH:1
BRF:0
BRH:0
end_of_record
TN:
SF:app/mixins/schedule-item-route-actions.js
FN:17,(anonymous_0)
FN:34,(anonymous_1)
FN:38,(anonymous_2)
FN:44,(anonymous_3)
FN:49,(anonymous_4)
FN:67,(anonymous_5)
FN:78,(anonymous_6)
FN:101,(anonymous_7)
FN:109,(anonymous_8)
FN:126,(anonymous_9)
FN:129,(anonymous_10)
FNF:11
FNH:0
FNDA:0,(anonymous_0)
FNDA:0,(anonymous_1)
FNDA:0,(anonymous_2)
FNDA:0,(anonymous_3)
FNDA:0,(anonymous_4)
FNDA:0,(anonymous_5)
FNDA:0,(anonymous_6)
FNDA:0,(anonymous_7)
FNDA:0,(anonymous_8)
FNDA:0,(anonymous_9)
FNDA:0,(anonymous_10)
DA:18,0
DA:21,0
DA:31,0
DA:35,0
DA:37,0
DA:39,0
DA:44,0
DA:45,0
DA:51,0
DA:53,0
DA:55,0
DA:60,0
DA:61,0
DA:64,0
DA:68,0
DA:69,0
DA:73,0
DA:74,0
DA:83,0
DA:84,0
DA:87,0
DA:89,0
DA:94,0
DA:96,0
DA:99,0
DA:102,0
DA:103,0
DA:106,0
DA:107,0
DA:114,0
DA:119,0
DA:121,0
DA:124,0
DA:127,0
DA:130,0
LF:35
LH:0
BRDA:18,0,0,0
BRDA:18,0,1,0
BRDA:39,1,0,0
BRDA:39,1,1,0
BRDA:39,1,2,0
BRDA:60,2,0,0
BRDA:60,2,1,0
BRDA:68,3,0,0
BRDA:68,3,1,0
BRDA:83,4,0,0
BRDA:83,4,1,0
BRDA:102,5,0,0
BRDA:102,5,1,0
BRF:13
BRH:0
end_of_record
TN:
SF:app/mixins/skip-authentication.js
FN:7,(anonymous_0)
FNF:1
FNH:1
FNDA:215,(anonymous_0)
DA:8,215
DA:9,163
LF:2
LH:2
BRDA:8,0,0,163
BRDA:8,0,1,52
BRF:2
BRH:2
end_of_record
TN:
SF:app/models/activity-note.js
FNF:0
FNH:0
LF:0
LH:0
BRF:0
BRH:0
end_of_record
TN:
SF:app/models/activity.js
FNF:0
FNH:0
LF:0
LH:0
BRF:0
BRH:0
end_of_record
TN:
SF:app/models/announcement.js
FN:25,(anonymous_0)
FNF:1
FNH:0
FNDA:0,(anonymous_0)
DA:26,0
LF:1
LH:0
BRF:0
BRH:0
end_of_record
TN:
SF:app/models/appointment.js
FN:129,(anonymous_0)
FN:143,(anonymous_1)
FN:148,(anonymous_2)
FN:152,(anonymous_3)
FN:160,(anonymous_4)
FN:173,(anonymous_5)
FN:178,(anonymous_6)
FN:186,(anonymous_7)
FN:191,(anonymous_8)
FN:196,(anonymous_9)
FN:204,(anonymous_10)
FN:212,(anonymous_11)
FN:220,(anonymous_12)
FN:223,(anonymous_13)
FN:231,(anonymous_14)
FN:236,(anonymous_15)
FN:241,(anonymous_16)
FN:245,(anonymous_17)
FNF:18
FNH:5
FNDA:10,(anonymous_0)
FNDA:0,(anonymous_1)
FNDA:0,(anonymous_2)
FNDA:0,(anonymous_3)
FNDA:2,(anonymous_4)
FNDA:2,(anonymous_5)
FNDA:0,(anonymous_6)
FNDA:0,(anonymous_7)
FNDA:0,(anonymous_8)
FNDA:0,(anonymous_9)
FNDA:0,(anonymous_10)
FNDA:0,(anonymous_11)
FNDA:2,(anonymous_12)
FNDA:6,(anonymous_13)
FNDA:0,(anonymous_14)
FNDA:0,(anonymous_15)
FNDA:0,(anonymous_16)
FNDA:0,(anonymous_17)
DA:12,1
DA:131,10
DA:145,0
DA:149,0
DA:154,0
DA:162,2
DA:163,0
DA:164,2
DA:167,0
DA:170,2
DA:175,2
DA:180,0
DA:181,0
DA:188,0
DA:193,0
DA:198,0
DA:206,0
DA:214,0
DA:222,2
DA:223,2
DA:224,6
DA:228,2
DA:233,0
DA:238,0
DA:242,0
DA:246,0
DA:247,0
DA:249,0
LF:28
LH:10
BRDA:154,0,0,0
BRDA:154,0,1,0
BRDA:154,0,2,0
BRDA:154,0,3,0
BRDA:162,1,0,0
BRDA:162,1,1,2
BRDA:164,2,0,0
BRDA:164,2,1,2
BRDA:207,3,0,0
BRDA:207,3,1,0
BRDA:215,4,0,0
BRDA:215,4,1,0
BRDA:246,5,0,0
BRDA:246,5,1,0
BRF:14
BRH:2
end_of_record
TN:
SF:app/models/assessment-configuration.js
FNF:0
FNH:0
LF:0
LH:0
BRF:0
BRH:0
end_of_record
TN:
SF:app/models/assessment-item.js
FN:69,(anonymous_0)
FN:77,(anonymous_1)
FN:86,(anonymous_2)
FN:94,(anonymous_3)
FN:102,(anonymous_4)
FN:112,(anonymous_5)
FNF:6
FNH:6
FNDA:5,(anonymous_0)
FNDA:1,(anonymous_1)
FNDA:1,(anonymous_2)
FNDA:14,(anonymous_3)
FNDA:6,(anonymous_4)
FNDA:5,(anonymous_5)
DA:71,5
DA:72,5
DA:78,1
DA:79,1
DA:80,0
DA:82,1
DA:88,1
DA:89,1
DA:91,0
DA:95,14
DA:96,6
DA:97,6
DA:98,1
DA:100,5
DA:102,6
DA:105,8
DA:106,6
DA:107,6
DA:108,1
DA:110,5
DA:112,5
DA:115,2
LF:22
LH:20
BRDA:72,0,0,4
BRDA:72,0,1,1
BRDA:79,1,0,0
BRDA:79,1,1,1
BRDA:88,2,0,1
BRDA:88,2,1,0
BRDA:91,3,0,0
BRDA:91,3,1,0
BRDA:95,4,0,6
BRDA:95,4,1,8
BRDA:97,5,0,1
BRDA:97,5,1,5
BRDA:101,6,0,5
BRDA:101,6,1,4
BRDA:105,7,0,6
BRDA:105,7,1,2
BRDA:107,8,0,1
BRDA:107,8,1,5
BRDA:111,9,0,5
BRDA:111,9,1,4
BRF:20
BRH:16
end_of_record
TN:
SF:app/models/assessment-lite.js
FN:56,(anonymous_0)
FN:60,(anonymous_1)
FN:64,(anonymous_2)
FNF:3
FNH:0
FNDA:0,(anonymous_0)
FNDA:0,(anonymous_1)
FNDA:0,(anonymous_2)
DA:57,0
DA:61,0
DA:65,0
LF:3
LH:0
BRF:0
BRH:0
end_of_record
TN:
SF:app/models/assessment-response-option.js
FNF:0
FNH:0
LF:0
LH:0
BRF:0
BRH:0
end_of_record
TN:
SF:app/models/assessment-response-set.js
FNF:0
FNH:0
LF:0
LH:0
BRF:0
BRH:0
end_of_record
TN:
SF:app/models/assessment.js
FNF:0
FNH:0
LF:0
LH:0
BRF:0
BRH:0
end_of_record
TN:
SF:app/models/badge.js
FNF:0
FNH:0
LF:0
LH:0
BRF:0
BRH:0
end_of_record
TN:
SF:app/models/billable-event.js
FNF:0
FNH:0
LF:0
LH:0
BRF:0
BRH:0
end_of_record
TN:
SF:app/models/call-event.js
FNF:0
FNH:0
LF:0
LH:0
BRF:0
BRH:0
end_of_record
TN:
SF:app/models/call.js
FNF:0
FNH:0
LF:0
LH:0
BRF:0
BRH:0
end_of_record
TN:
SF:app/models/care-profile.js
FNF:0
FNH:0
LF:0
LH:0
BRF:0
BRH:0
end_of_record
TN:
SF:app/models/care-topic-selection.js
FNF:0
FNH:0
LF:0
LH:0
BRF:0
BRH:0
end_of_record
TN:
SF:app/models/care-topic.js
FNF:0
FNH:0
LF:0
LH:0
BRF:0
BRH:0
end_of_record
TN:
SF:app/models/client-note.js
FN:29,(anonymous_0)
FNF:1
FNH:0
FNDA:0,(anonymous_0)
DA:30,0
LF:1
LH:0
BRF:0
BRH:0
end_of_record
TN:
SF:app/models/cluster.js
FNF:0
FNH:0
LF:0
LH:0
BRF:0
BRH:0
end_of_record
TN:
SF:app/models/coach-assignment.js
FN:48,(anonymous_0)
FN:94,(anonymous_1)
FN:99,(anonymous_2)
FN:126,(anonymous_3)
FN:137,(anonymous_4)
FN:158,(anonymous_5)
FN:162,(anonymous_6)
FN:166,(anonymous_7)
FNF:8
FNH:1
FNDA:0,(anonymous_0)
FNDA:2,(anonymous_1)
FNDA:0,(anonymous_2)
FNDA:0,(anonymous_3)
FNDA:0,(anonymous_4)
FNDA:0,(anonymous_5)
FNDA:0,(anonymous_6)
FNDA:0,(anonymous_7)
DA:49,0
DA:96,2
DA:101,0
DA:103,0
DA:105,0
DA:107,0
DA:111,0
DA:113,0
DA:127,0
DA:128,0
DA:130,0
DA:146,0
DA:147,0
DA:148,0
DA:149,0
DA:150,0
DA:151,0
DA:152,0
DA:153,0
DA:155,0
DA:159,0
DA:163,0
DA:172,0
DA:173,0
DA:174,0
LF:25
LH:1
BRDA:96,0,0,2
BRDA:96,0,1,2
BRDA:101,1,0,0
BRDA:101,1,1,0
BRDA:101,1,2,0
BRDA:101,1,3,0
BRDA:101,1,4,0
BRDA:127,2,0,0
BRDA:127,2,1,0
BRDA:127,3,0,0
BRDA:127,3,1,0
BRDA:146,4,0,0
BRDA:146,4,1,0
BRDA:148,5,0,0
BRDA:148,5,1,0
BRDA:150,6,0,0
BRDA:150,6,1,0
BRDA:152,7,0,0
BRDA:152,7,1,0
BRDA:172,8,0,0
BRDA:172,8,1,0
BRDA:172,9,0,0
BRDA:172,9,1,0
BRF:23
BRH:2
end_of_record
TN:
SF:app/models/coach-learning-assignment.js
FNF:0
FNH:0
LF:0
LH:0
BRF:0
BRH:0
end_of_record
TN:
SF:app/models/coach-profile.js
FNF:0
FNH:0
LF:0
LH:0
BRF:0
BRH:0
end_of_record
TN:
SF:app/models/coach-recommendation-set-filter.js
FNF:0
FNH:0
LF:0
LH:0
BRF:0
BRH:0
end_of_record
TN:
SF:app/models/coach-recommendation-set.js
FN:38,(anonymous_0)
FNF:1
FNH:0
FNDA:0,(anonymous_0)
DA:7,1
DA:39,0
DA:40,0
LF:3
LH:1
BRF:0
BRH:0
end_of_record
TN:
SF:app/models/coach-recommendation.js
FNF:0
FNH:0
LF:0
LH:0
BRF:0
BRH:0
end_of_record
TN:
SF:app/models/coach-track-interaction.js
FNF:0
FNH:0
LF:0
LH:0
BRF:0
BRH:0
end_of_record
TN:
SF:app/models/coachee.js
FN:34,(anonymous_0)
FNF:1
FNH:0
FNDA:0,(anonymous_0)
DA:36,0
LF:1
LH:0
BRDA:36,0,0,0
BRDA:36,0,1,0
BRF:2
BRH:0
end_of_record
TN:
SF:app/models/competency-mapping.js
FNF:0
FNH:0
LF:0
LH:0
BRF:0
BRH:0
end_of_record
TN:
SF:app/models/connect-plan-item.js
FNF:0
FNH:0
LF:0
LH:0
BRF:0
BRH:0
end_of_record
TN:
SF:app/models/connect-plan.js
FNF:0
FNH:0
LF:0
LH:0
BRF:0
BRH:0
end_of_record
TN:
SF:app/models/consumer-coupon.js
FNF:0
FNH:0
LF:0
LH:0
BRF:0
BRH:0
end_of_record
TN:
SF:app/models/consumer-gift-card.js
FNF:0
FNH:0
LF:0
LH:0
BRF:0
BRH:0
end_of_record
TN:
SF:app/models/consumer-product-price.js
FNF:0
FNH:0
LF:0
LH:0
BRF:0
BRH:0
end_of_record
TN:
SF:app/models/consumer-product.js
FN:47,(anonymous_0)
FNF:1
FNH:0
FNDA:0,(anonymous_0)
DA:48,0
LF:1
LH:0
BRF:0
BRH:0
end_of_record
TN:
SF:app/models/consumer-profile.js
FN:43,(anonymous_0)
FNF:1
FNH:0
FNDA:0,(anonymous_0)
DA:44,0
LF:1
LH:0
BRF:0
BRH:0
end_of_record
TN:
SF:app/models/contract.js
FNF:0
FNH:0
LF:0
LH:0
BRF:0
BRH:0
end_of_record
TN:
SF:app/models/conversation-participant.js
FN:16,(anonymous_0)
FNF:1
FNH:0
FNDA:0,(anonymous_0)
DA:17,0
LF:1
LH:0
BRF:0
BRH:0
end_of_record
TN:
SF:app/models/conversation.js
FN:34,(anonymous_0)
FNF:1
FNH:1
FNDA:2,(anonymous_0)
DA:4,1
DA:35,2
LF:2
LH:2
BRF:0
BRH:0
end_of_record
TN:
SF:app/models/development-topic.js
FNF:0
FNH:0
LF:0
LH:0
BRF:0
BRH:0
end_of_record
TN:
SF:app/models/dimension-score.js
FNF:0
FNH:0
DA:3,1
LF:1
LH:1
BRF:0
BRH:0
end_of_record
TN:
SF:app/models/duration-range.js
FN:12,(anonymous_0)
FNF:1
FNH:0
FNDA:0,(anonymous_0)
DA:14,0
DA:15,0
DA:16,0
DA:17,0
DA:19,0
DA:20,0
DA:21,0
DA:23,0
DA:26,5
DA:27,5
LF:10
LH:2
BRDA:16,0,0,0
BRDA:16,0,1,0
BRDA:20,1,0,0
BRDA:20,1,1,0
BRF:4
BRH:0
end_of_record
TN:
SF:app/models/enrollment.js
FN:40,(anonymous_0)
FNF:1
FNH:0
FNDA:0,(anonymous_0)
DA:41,0
LF:1
LH:0
BRF:0
BRH:0
end_of_record
TN:
SF:app/models/feedback_report.js
FNF:0
FNH:0
LF:0
LH:0
BRF:0
BRH:0
end_of_record
TN:
SF:app/models/feedback_report_skill.js
FNF:0
FNH:0
LF:0
LH:0
BRF:0
BRH:0
end_of_record
TN:
SF:app/models/foundations-member-insight.js
FNF:0
FNH:0
LF:0
LH:0
BRF:0
BRH:0
end_of_record
TN:
SF:app/models/goal-action.js
FNF:0
FNH:0
LF:0
LH:0
BRF:0
BRH:0
end_of_record
TN:
SF:app/models/goal.js
FNF:0
FNH:0
LF:0
LH:0
BRF:0
BRH:0
end_of_record
TN:
SF:app/models/group-coaching-coach-request.js
FN:11,(anonymous_0)
FN:12,(anonymous_1)
FNF:2
FNH:0
FNDA:0,(anonymous_0)
FNDA:0,(anonymous_1)
DA:12,0
DA:15,0
LF:2
LH:0
BRF:0
BRH:0
end_of_record
TN:
SF:app/models/group-coaching-cohort.js
FN:91,(anonymous_0)
FN:95,(anonymous_1)
FN:99,(anonymous_2)
FN:103,(anonymous_3)
FN:107,(anonymous_4)
FN:111,(anonymous_5)
FNF:6
FNH:6
FNDA:1,(anonymous_0)
FNDA:26,(anonymous_1)
FNDA:14,(anonymous_2)
FNDA:24,(anonymous_3)
FNDA:2,(anonymous_4)
FNDA:5,(anonymous_5)
DA:7,1
DA:8,1
DA:92,1
DA:96,26
DA:100,14
DA:104,24
DA:108,2
DA:112,5
LF:8
LH:8
BRDA:100,0,0,14
BRDA:100,0,1,10
BRF:2
BRH:2
end_of_record
TN:
SF:app/models/group-coaching-curriculum.js
FN:43,(anonymous_0)
FNF:1
FNH:0
FNDA:0,(anonymous_0)
DA:4,1
DA:44,0
LF:2
LH:1
BRDA:44,0,0,0
BRDA:44,0,1,0
BRF:2
BRH:0
end_of_record
TN:
SF:app/models/group-coaching-registration.js
FN:13,(anonymous_0)
FN:17,(anonymous_1)
FN:21,(anonymous_2)
FN:25,(anonymous_3)
FNF:4
FNH:0
FNDA:0,(anonymous_0)
FNDA:0,(anonymous_1)
FNDA:0,(anonymous_2)
FNDA:0,(anonymous_3)
DA:3,1
DA:14,0
DA:18,0
DA:22,0
DA:26,0
LF:5
LH:1
BRF:0
BRH:0
end_of_record
TN:
SF:app/models/group-coaching-series.js
FNF:0
FNH:0
LF:0
LH:0
BRF:0
BRH:0
end_of_record
TN:
SF:app/models/group-coaching-session-curriculum.js
FNF:0
FNH:0
LF:0
LH:0
BRF:0
BRH:0
end_of_record
TN:
SF:app/models/group-coaching-session.js
FN:70,(anonymous_0)
FN:74,(anonymous_1)
FN:82,(anonymous_2)
FNF:3
FNH:0
FNDA:0,(anonymous_0)
FNDA:0,(anonymous_1)
FNDA:0,(anonymous_2)
DA:71,0
DA:76,0
DA:84,0
LF:3
LH:0
BRF:0
BRH:0
end_of_record
TN:
SF:app/models/group.js
FNF:0
FNH:0
LF:0
LH:0
BRF:0
BRH:0
end_of_record
TN:
SF:app/models/growth-focus-area-selection.js
FN:13,(anonymous_0)
FNF:1
FNH:0
FNDA:0,(anonymous_0)
DA:14,0
LF:1
LH:0
BRF:0
BRH:0
end_of_record
TN:
SF:app/models/growth-focus-area.js
FNF:0
FNH:0
LF:0
LH:0
BRF:0
BRH:0
end_of_record
TN:
SF:app/models/growth-map.js
FN:13,(anonymous_0)
FN:15,(anonymous_1)
FNF:2
FNH:0
FNDA:0,(anonymous_0)
FNDA:0,(anonymous_1)
DA:14,0
DA:15,0
LF:2
LH:0
BRF:0
BRH:0
end_of_record
TN:
SF:app/models/growth-plan-item.js
FN:53,(anonymous_0)
FN:57,(anonymous_1)
FNF:2
FNH:1
FNDA:0,(anonymous_0)
FNDA:3,(anonymous_1)
DA:54,0
DA:58,3
DA:59,3
LF:3
LH:2
BRF:0
BRH:0
end_of_record
TN:
SF:app/models/growth-plan.js
FNF:0
FNH:0
DA:3,1
LF:1
LH:1
BRF:0
BRH:0
end_of_record
TN:
SF:app/models/growth-recommendation.js
FN:77,(anonymous_0)
FN:81,(anonymous_1)
FNF:2
FNH:0
FNDA:0,(anonymous_0)
FNDA:0,(anonymous_1)
DA:78,0
DA:82,0
LF:2
LH:0
BRF:0
BRH:0
end_of_record
TN:
SF:app/models/identify-ai-recommendation.js
FNF:0
FNH:0
LF:0
LH:0
BRF:0
BRH:0
end_of_record
TN:
SF:app/models/invitation-associated-object.js
FNF:0
FNH:0
LF:0
LH:0
BRF:0
BRH:0
end_of_record
TN:
SF:app/models/invitation.js
FNF:0
FNH:0
LF:0
LH:0
BRF:0
BRH:0
end_of_record
TN:
SF:app/models/managee.js
FNF:0
FNH:0
LF:0
LH:0
BRF:0
BRH:0
end_of_record
TN:
SF:app/models/manager-feedback-flow.js
FNF:0
FNH:0
LF:0
LH:0
BRF:0
BRH:0
end_of_record
TN:
SF:app/models/manager.js
FNF:0
FNH:0
LF:0
LH:0
BRF:0
BRH:0
end_of_record
TN:
SF:app/models/member-engagement.js
FN:60,(anonymous_0)
FN:64,(anonymous_1)
FN:67,(anonymous_2)
FNF:3
FNH:0
FNDA:0,(anonymous_0)
FNDA:0,(anonymous_1)
FNDA:0,(anonymous_2)
DA:4,1
DA:61,0
DA:65,0
DA:66,0
DA:67,0
DA:68,0
DA:69,0
DA:73,0
LF:8
LH:1
BRDA:66,0,0,0
BRDA:66,0,1,0
BRDA:68,1,0,0
BRDA:68,1,1,0
BRF:4
BRH:0
end_of_record
TN:
SF:app/models/member-insight.js
FNF:0
FNH:0
LF:0
LH:0
BRF:0
BRH:0
end_of_record
TN:
SF:app/models/member-profile.js
FNF:0
FNH:0
LF:0
LH:0
BRF:0
BRH:0
end_of_record
TN:
SF:app/models/member-story.js
FNF:0
FNH:0
LF:0
LH:0
BRF:0
BRH:0
end_of_record
TN:
SF:app/models/message.js
FN:56,(anonymous_0)
FN:64,(anonymous_1)
FN:78,(anonymous_2)
FN:88,(anonymous_3)
FN:98,(anonymous_4)
FN:102,(anonymous_5)
FNF:6
FNH:1
FNDA:5,(anonymous_0)
FNDA:0,(anonymous_1)
FNDA:0,(anonymous_2)
FNDA:0,(anonymous_3)
FNDA:0,(anonymous_4)
FNDA:0,(anonymous_5)
DA:58,5
DA:65,0
DA:67,0
DA:68,0
DA:71,0
DA:75,0
DA:79,0
DA:81,0
DA:82,0
DA:85,0
DA:89,0
DA:90,0
DA:92,0
DA:99,0
DA:104,0
DA:105,0
LF:16
LH:1
BRDA:67,0,0,0
BRDA:67,0,1,0
BRDA:81,1,0,0
BRDA:81,1,1,0
BRDA:89,2,0,0
BRDA:89,2,1,0
BRDA:104,3,0,0
BRDA:104,3,1,0
BRDA:104,4,0,0
BRDA:104,4,1,0
BRF:10
BRH:0
end_of_record
TN:
SF:app/models/milestone.js
FN:38,(anonymous_0)
FNF:1
FNH:0
FNDA:0,(anonymous_0)
DA:40,0
LF:1
LH:0
BRDA:40,0,0,0
BRDA:40,0,1,0
BRF:2
BRH:0
end_of_record
TN:
SF:app/models/note.js
FNF:0
FNH:0
LF:0
LH:0
BRF:0
BRH:0
end_of_record
TN:
SF:app/models/notification.js
FNF:0
FNH:0
LF:0
LH:0
BRF:0
BRH:0
end_of_record
TN:
SF:app/models/nylas-account.js
FNF:0
FNH:0
LF:0
LH:0
BRF:0
BRH:0
end_of_record
TN:
SF:app/models/nylas-calendar.js
FNF:0
FNH:0
LF:0
LH:0
BRF:0
BRH:0
end_of_record
TN:
SF:app/models/nylas-event.js
FNF:0
FNH:0
LF:0
LH:0
BRF:0
BRH:0
end_of_record
TN:
SF:app/models/objective-action.js
FNF:0
FNH:0
LF:0
LH:0
BRF:0
BRH:0
end_of_record
TN:
SF:app/models/objective-check-in-emotion.js
FNF:0
FNH:0
LF:0
LH:0
BRF:0
BRH:0
end_of_record
TN:
SF:app/models/objective-check-in.js
FNF:0
FNH:0
LF:0
LH:0
BRF:0
BRH:0
end_of_record
TN:
SF:app/models/objective-obstacle.js
FNF:0
FNH:0
LF:0
LH:0
BRF:0
BRH:0
end_of_record
TN:
SF:app/models/objective-outcome.js
FNF:0
FNH:0
LF:0
LH:0
BRF:0
BRH:0
end_of_record
TN:
SF:app/models/objective.js
FNF:0
FNH:0
LF:0
LH:0
BRF:0
BRH:0
end_of_record
TN:
SF:app/models/one-on-one-relationship.js
FN:23,(anonymous_0)
FN:35,(anonymous_1)
FN:39,(anonymous_2)
FNF:3
FNH:0
FNDA:0,(anonymous_0)
FNDA:0,(anonymous_1)
FNDA:0,(anonymous_2)
DA:24,0
DA:25,0
DA:28,0
DA:29,0
DA:32,0
DA:36,0
DA:40,0
LF:7
LH:0
BRDA:24,0,0,0
BRDA:24,0,1,0
BRDA:28,1,0,0
BRDA:28,1,1,0
BRF:4
BRH:0
end_of_record
TN:
SF:app/models/one-on-one-topic.js
FN:37,(anonymous_0)
FNF:1
FNH:0
FNDA:0,(anonymous_0)
DA:38,0
LF:1
LH:0
BRF:0
BRH:0
end_of_record
TN:
SF:app/models/organization.js
FNF:0
FNH:0
LF:0
LH:0
BRF:0
BRH:0
end_of_record
TN:
SF:app/models/pad-group-coaching-series.js
FNF:0
FNH:0
LF:0
LH:0
BRF:0
BRH:0
end_of_record
TN:
SF:app/models/product-subscription-assignment.js
FN:16,(anonymous_0)
FNF:1
FNH:0
FNDA:0,(anonymous_0)
DA:18,0
DA:19,0
DA:21,0
DA:22,0
LF:4
LH:0
BRDA:18,0,0,0
BRDA:18,0,1,0
BRDA:21,1,0,0
BRDA:21,1,1,0
BRF:4
BRH:0
end_of_record
TN:
SF:app/models/product-subscription.js
FNF:0
FNH:0
LF:0
LH:0
BRF:0
BRH:0
end_of_record
TN:
SF:app/models/program-journey-assignment.js
FNF:0
FNH:0
LF:0
LH:0
BRF:0
BRH:0
end_of_record
TN:
SF:app/models/program-journey-stage.js
FN:22,(anonymous_0)
FN:24,(anonymous_1)
FNF:2
FNH:0
FNDA:0,(anonymous_0)
FNDA:0,(anonymous_1)
DA:23,0
DA:24,0
LF:2
LH:0
BRF:0
BRH:0
end_of_record
TN:
SF:app/models/program-journey.js
FNF:0
FNH:0
LF:0
LH:0
BRF:0
BRH:0
end_of_record
TN:
SF:app/models/quick-filter.js
FNF:0
FNH:0
LF:0
LH:0
BRF:0
BRH:0
end_of_record
TN:
SF:app/models/rated-resource.js
FNF:0
FNH:0
LF:0
LH:0
BRF:0
BRH:0
end_of_record
TN:
SF:app/models/recommended-item.js
FNF:0
FNH:0
LF:0
LH:0
BRF:0
BRH:0
end_of_record
TN:
SF:app/models/reflection-point.js
FNF:0
FNH:0
LF:0
LH:0
BRF:0
BRH:0
end_of_record
TN:
SF:app/models/report.js
FNF:0
FNH:0
LF:0
LH:0
BRF:0
BRH:0
end_of_record
TN:
SF:app/models/reporting-group.js
FNF:0
FNH:0
LF:0
LH:0
BRF:0
BRH:0
end_of_record
TN:
SF:app/models/reports-insight.js
FNF:0
FNH:0
LF:0
LH:0
BRF:0
BRH:0
end_of_record
TN:
SF:app/models/reports-product-type.js
FNF:0
FNH:0
LF:0
LH:0
BRF:0
BRH:0
end_of_record
TN:
SF:app/models/reports-topline-engagement.js
FNF:0
FNH:0
LF:0
LH:0
BRF:0
BRH:0
end_of_record
TN:
SF:app/models/reports-topline-satisfaction.js
FNF:0
FNH:0
LF:0
LH:0
BRF:0
BRH:0
end_of_record
TN:
SF:app/models/resource-list.js
FNF:0
FNH:0
LF:0
LH:0
BRF:0
BRH:0
end_of_record
TN:
SF:app/models/resource-viewed-count.js
FNF:0
FNH:0
LF:0
LH:0
BRF:0
BRH:0
end_of_record
TN:
SF:app/models/resource.js
FN:20,(anonymous_0)
FN:78,(anonymous_1)
FN:127,(anonymous_2)
FN:132,(anonymous_3)
FN:138,(anonymous_4)
FNF:5
FNH:2
FNDA:5,(anonymous_0)
FNDA:3,(anonymous_1)
FNDA:0,(anonymous_2)
FNDA:0,(anonymous_3)
FNDA:0,(anonymous_4)
DA:21,5
DA:79,3
DA:129,0
DA:134,0
DA:135,0
DA:140,0
LF:6
LH:2
BRDA:129,0,0,0
BRDA:129,0,1,0
BRF:2
BRH:0
end_of_record
TN:
SF:app/models/saml-configuration.js
FNF:0
FNH:0
LF:0
LH:0
BRF:0
BRH:0
end_of_record
TN:
SF:app/models/saved-resource.js
FNF:0
FNH:0
LF:0
LH:0
BRF:0
BRH:0
end_of_record
TN:
SF:app/models/schedulable.js
FNF:0
FNH:0
LF:0
LH:0
BRF:0
BRH:0
end_of_record
TN:
SF:app/models/schedule-item.js
FN:90,(anonymous_0)
FN:95,(anonymous_1)
FN:100,(anonymous_2)
FN:105,(anonymous_3)
FN:110,(anonymous_4)
FN:115,(anonymous_5)
FN:123,(anonymous_6)
FN:128,(anonymous_7)
FNF:8
FNH:3
FNDA:1,(anonymous_0)
FNDA:1,(anonymous_1)
FNDA:1,(anonymous_2)
FNDA:0,(anonymous_3)
FNDA:0,(anonymous_4)
FNDA:0,(anonymous_5)
FNDA:0,(anonymous_6)
FNDA:0,(anonymous_7)
DA:92,1
DA:97,1
DA:102,1
DA:107,0
DA:112,0
DA:117,0
DA:118,0
DA:125,0
DA:129,0
DA:131,0
DA:132,0
LF:11
LH:3
BRDA:131,0,0,0
BRDA:131,0,1,0
BRF:2
BRH:0
end_of_record
TN:
SF:app/models/scheduled-invitation.js
FNF:0
FNH:0
LF:0
LH:0
BRF:0
BRH:0
end_of_record
TN:
SF:app/models/section-definition.js
FNF:0
FNH:0
LF:0
LH:0
BRF:0
BRH:0
end_of_record
TN:
SF:app/models/session-option.js
FNF:0
FNH:0
LF:0
LH:0
BRF:0
BRH:0
end_of_record
TN:
SF:app/models/session-recording.js
FNF:0
FNH:0
LF:0
LH:0
BRF:0
BRH:0
end_of_record
TN:
SF:app/models/skill.js
FNF:0
FNH:0
LF:0
LH:0
BRF:0
BRH:0
end_of_record
TN:
SF:app/models/slack-workspace-configuration.js
FNF:0
FNH:0
LF:0
LH:0
BRF:0
BRH:0
end_of_record
TN:
SF:app/models/specialist-vertical.js
FNF:0
FNH:0
LF:0
LH:0
BRF:0
BRH:0
end_of_record
TN:
SF:app/models/story-coaching-episode.js
FNF:0
FNH:0
LF:0
LH:0
BRF:0
BRH:0
end_of_record
TN:
SF:app/models/subdimension-score.js
FNF:0
FNH:0
LF:0
LH:0
BRF:0
BRH:0
end_of_record
TN:
SF:app/models/testimonial.js
FNF:0
FNH:0
LF:0
LH:0
BRF:0
BRH:0
end_of_record
TN:
SF:app/models/timeslot-block.js
FNF:0
FNH:0
LF:0
LH:0
BRF:0
BRH:0
end_of_record
TN:
SF:app/models/timeslot-date-filter.js
FN:19,(anonymous_0)
FN:28,(anonymous_1)
FNF:2
FNH:0
FNDA:0,(anonymous_0)
FNDA:0,(anonymous_1)
DA:21,0
DA:22,0
DA:23,0
DA:26,0
DA:29,0
DA:30,0
LF:6
LH:0
BRDA:23,0,0,0
BRDA:23,0,1,0
BRF:2
BRH:0
end_of_record
TN:
SF:app/models/timeslot.js
FNF:0
FNH:0
LF:0
LH:0
BRF:0
BRH:0
end_of_record
TN:
SF:app/models/today-item-state.js
FNF:0
FNH:0
LF:0
LH:0
BRF:0
BRH:0
end_of_record
TN:
SF:app/models/today-item.js
FN:73,(anonymous_0)
FN:77,(anonymous_1)
FNF:2
FNH:0
FNDA:0,(anonymous_0)
FNDA:0,(anonymous_1)
DA:5,0
DA:6,0
DA:74,0
DA:78,0
LF:4
LH:0
BRDA:78,0,0,0
BRDA:78,0,1,0
BRF:2
BRH:0
end_of_record
TN:
SF:app/models/topic-theme.js
FNF:0
FNH:0
LF:0
LH:0
BRF:0
BRH:0
end_of_record
TN:
SF:app/models/track-assignment-usage.js
FNF:0
FNH:0
LF:0
LH:0
BRF:0
BRH:0
end_of_record
TN:
SF:app/models/track-assignment.js
FN:79,(anonymous_0)
FN:84,(anonymous_1)
FN:89,(anonymous_2)
FNF:3
FNH:1
FNDA:0,(anonymous_0)
FNDA:1,(anonymous_1)
FNDA:0,(anonymous_2)
DA:81,0
DA:86,1
DA:91,0
LF:3
LH:1
BRDA:96,0,0,0
BRDA:96,0,1,0
BRF:2
BRH:0
end_of_record
TN:
SF:app/models/track.js
FN:117,(anonymous_0)
FNF:1
FNH:0
FNDA:0,(anonymous_0)
DA:119,0
LF:1
LH:0
BRDA:119,0,0,0
BRDA:119,0,1,0
BRF:2
BRH:0
end_of_record
TN:
SF:app/models/user-attribute-field.js
FNF:0
FNH:0
LF:0
LH:0
BRF:0
BRH:0
end_of_record
TN:
SF:app/models/user-attribute-value.js
FNF:0
FNH:0
LF:0
LH:0
BRF:0
BRH:0
end_of_record
TN:
SF:app/models/user-group.js
FNF:0
FNH:0
DA:3,1
LF:1
LH:1
BRF:0
BRH:0
end_of_record
TN:
SF:app/models/user-profile.js
FN:55,(anonymous_0)
FN:59,(anonymous_1)
FN:63,(anonymous_2)
FNF:3
FNH:0
FNDA:0,(anonymous_0)
FNDA:0,(anonymous_1)
FNDA:0,(anonymous_2)
DA:56,0
DA:60,0
DA:64,0
LF:3
LH:0
BRDA:60,0,0,0
BRDA:60,0,1,0
BRDA:64,1,0,0
BRDA:64,1,1,0
BRF:4
BRH:0
end_of_record
TN:
SF:app/models/user-search-result.js
FNF:0
FNH:0
LF:0
LH:0
BRF:0
BRH:0
end_of_record
TN:
SF:app/models/user.js
FN:511,(anonymous_0)
FN:522,(anonymous_1)
FN:563,(anonymous_2)
FN:567,(anonymous_3)
FN:571,(anonymous_4)
FN:575,(anonymous_5)
FN:579,(anonymous_6)
FN:583,(anonymous_7)
FN:587,(anonymous_8)
FN:591,(anonymous_9)
FN:598,(anonymous_10)
FN:603,(anonymous_11)
FN:611,(anonymous_12)
FN:619,(anonymous_13)
FN:623,(anonymous_14)
FN:627,(anonymous_15)
FN:631,(anonymous_16)
FN:635,(anonymous_17)
FN:639,(anonymous_18)
FN:640,(anonymous_19)
FN:643,(anonymous_20)
FN:647,(anonymous_21)
FN:651,(anonymous_22)
FN:655,(anonymous_23)
FN:659,(anonymous_24)
FN:663,(anonymous_25)
FN:667,(anonymous_26)
FN:674,(anonymous_27)
FN:678,(anonymous_28)
FN:681,(anonymous_29)
FN:685,(anonymous_30)
FN:692,(anonymous_31)
FN:696,(anonymous_32)
FN:712,(anonymous_33)
FN:719,(anonymous_34)
FN:726,(anonymous_35)
FN:733,(anonymous_36)
FN:737,(anonymous_37)
FN:741,(anonymous_38)
FN:745,(anonymous_39)
FN:749,(anonymous_40)
FN:757,(anonymous_41)
FN:761,(anonymous_42)
FN:765,(anonymous_43)
FN:773,(anonymous_44)
FN:777,(anonymous_45)
FN:790,(anonymous_46)
FN:798,(anonymous_47)
FN:803,(anonymous_48)
FN:807,(anonymous_49)
FN:811,(anonymous_50)
FN:819,(anonymous_51)
FNF:52
FNH:33
FNDA:12,(anonymous_0)
FNDA:0,(anonymous_1)
FNDA:1,(anonymous_2)
FNDA:2,(anonymous_3)
FNDA:99,(anonymous_4)
FNDA:23,(anonymous_5)
FNDA:102,(anonymous_6)
FNDA:0,(anonymous_7)
FNDA:1,(anonymous_8)
FNDA:1,(anonymous_9)
FNDA:1,(anonymous_10)
FNDA:69,(anonymous_11)
FNDA:70,(anonymous_12)
FNDA:70,(anonymous_13)
FNDA:70,(anonymous_14)
FNDA:42,(anonymous_15)
FNDA:23,(anonymous_16)
FNDA:0,(anonymous_17)
FNDA:0,(anonymous_18)
FNDA:0,(anonymous_19)
FNDA:0,(anonymous_20)
FNDA:30,(anonymous_21)
FNDA:0,(anonymous_22)
FNDA:27,(anonymous_23)
FNDA:14,(anonymous_24)
FNDA:0,(anonymous_25)
FNDA:6,(anonymous_26)
FNDA:4,(anonymous_27)
FNDA:4,(anonymous_28)
FNDA:1,(anonymous_29)
FNDA:4,(anonymous_30)
FNDA:16,(anonymous_31)
FNDA:27,(anonymous_32)
FNDA:21,(anonymous_33)
FNDA:1,(anonymous_34)
FNDA:1,(anonymous_35)
FNDA:8,(anonymous_36)
FNDA:0,(anonymous_37)
FNDA:0,(anonymous_38)
FNDA:0,(anonymous_39)
FNDA:0,(anonymous_40)
FNDA:7,(anonymous_41)
FNDA:26,(anonymous_42)
FNDA:0,(anonymous_43)
FNDA:0,(anonymous_44)
FNDA:0,(anonymous_45)
FNDA:12,(anonymous_46)
FNDA:0,(anonymous_47)
FNDA:0,(anonymous_48)
FNDA:0,(anonymous_49)
FNDA:0,(anonymous_50)
FNDA:4,(anonymous_51)
DA:18,1
DA:31,1
DA:40,1
DA:46,1
DA:52,1
DA:54,226
DA:57,2
DA:512,12
DA:513,0
DA:515,12
DA:516,12
DA:517,0
DA:519,12
DA:523,0
DA:564,1
DA:568,2
DA:572,99
DA:576,23
DA:580,102
DA:584,0
DA:588,1
DA:592,1
DA:599,1
DA:601,1
DA:604,69
DA:612,70
DA:620,70
DA:624,70
DA:628,42
DA:632,23
DA:636,0
DA:640,0
DA:644,0
DA:648,30
DA:652,0
DA:656,27
DA:660,14
DA:664,0
DA:668,6
DA:669,2
DA:671,4
DA:675,4
DA:679,4
DA:681,1
DA:686,4
DA:693,16
DA:697,27
DA:702,18
DA:704,9
DA:713,21
DA:714,20
DA:716,1
DA:720,1
DA:727,1
DA:734,8
DA:738,0
DA:742,0
DA:746,0
DA:750,0
DA:758,7
DA:762,26
DA:766,0
DA:774,0
DA:778,0
DA:779,0
DA:780,0
DA:781,0
DA:782,0
DA:783,0
DA:784,0
DA:785,0
DA:787,0
DA:792,12
DA:793,1
DA:795,11
DA:799,0
DA:801,0
DA:802,0
DA:803,0
DA:804,0
DA:806,0
DA:807,0
DA:808,0
DA:810,0
DA:811,0
DA:812,0
DA:816,0
DA:820,4
DA:827,4
LF:89
LH:53
BRDA:512,0,0,0
BRDA:512,0,1,12
BRDA:516,1,0,0
BRDA:516,1,1,12
BRDA:524,2,0,0
BRDA:524,2,1,0
BRDA:524,2,2,0
BRDA:593,3,0,1
BRDA:593,3,1,1
BRDA:593,3,2,1
BRDA:601,4,0,1
BRDA:601,4,1,0
BRDA:601,4,2,0
BRDA:605,5,0,69
BRDA:605,5,1,3
BRDA:605,5,2,2
BRDA:613,6,0,70
BRDA:613,6,1,70
BRDA:613,6,2,70
BRDA:632,7,0,23
BRDA:632,7,1,2
BRDA:648,8,0,30
BRDA:648,8,1,0
BRDA:652,9,0,0
BRDA:652,9,1,0
BRDA:656,10,0,27
BRDA:656,10,1,4
BRDA:660,11,0,14
BRDA:660,11,1,10
BRDA:660,11,2,2
BRDA:664,12,0,0
BRDA:664,12,1,0
BRDA:668,13,0,2
BRDA:668,13,1,4
BRDA:680,14,0,4
BRDA:680,14,1,1
BRDA:687,15,0,4
BRDA:687,15,1,4
BRDA:687,15,2,3
BRDA:697,16,0,18
BRDA:697,16,1,9
BRDA:698,17,0,27
BRDA:698,17,1,26
BRDA:698,17,2,24
BRDA:705,18,0,9
BRDA:705,18,1,2
BRDA:705,18,2,7
BRDA:705,18,3,7
BRDA:705,18,4,7
BRDA:713,19,0,20
BRDA:713,19,1,1
BRDA:713,20,0,21
BRDA:713,20,1,19
BRDA:721,21,0,1
BRDA:721,21,1,0
BRDA:728,22,0,1
BRDA:728,22,1,1
BRDA:734,23,0,8
BRDA:734,23,1,1
BRDA:746,24,0,0
BRDA:746,24,1,0
BRDA:751,25,0,0
BRDA:751,25,1,0
BRDA:751,25,2,0
BRDA:758,26,0,7
BRDA:758,26,1,0
BRDA:762,27,0,26
BRDA:762,27,1,2
BRDA:767,28,0,0
BRDA:767,28,1,0
BRDA:767,28,2,0
BRDA:778,29,0,0
BRDA:778,29,1,0
BRDA:780,30,0,0
BRDA:780,30,1,0
BRDA:782,31,0,0
BRDA:782,31,1,0
BRDA:784,32,0,0
BRDA:784,32,1,0
BRDA:792,33,0,1
BRDA:792,33,1,11
BRDA:802,34,0,0
BRDA:802,34,1,0
BRDA:806,35,0,0
BRDA:806,35,1,0
BRDA:810,36,0,0
BRDA:810,36,1,0
BRDA:819,37,0,2
BRF:88
BRH:52
end_of_record
TN:
SF:app/models/workday-configuration.js
FNF:0
FNH:0
LF:0
LH:0
BRF:0
BRH:0
end_of_record
TN:
SF:app/modifiers/auto-resize.js
FN:5,(anonymous_0)
FN:9,(anonymous_1)
FN:14,(anonymous_2)
FN:20,(anonymous_3)
FN:24,(anonymous_4)
FN:28,(anonymous_5)
FNF:6
FNH:6
FNDA:3,(anonymous_0)
FNDA:3,(anonymous_1)
FNDA:3,(anonymous_2)
FNDA:9,(anonymous_3)
FNDA:3,(anonymous_4)
FNDA:9,(anonymous_5)
DA:6,3
DA:10,3
DA:15,3
DA:16,0
DA:21,9
DA:25,3
DA:29,9
LF:7
LH:6
BRDA:15,0,0,0
BRDA:15,0,1,3
BRDA:15,1,0,3
BRDA:15,1,1,3
BRF:4
BRH:3
end_of_record
TN:
SF:app/modifiers/before-print.js
FN:6,(anonymous_0)
FN:10,(anonymous_1)
FN:15,(anonymous_2)
FN:22,(anonymous_3)
FN:29,(anonymous_4)
FNF:5
FNH:0
FNDA:0,(anonymous_0)
FNDA:0,(anonymous_1)
FNDA:0,(anonymous_2)
FNDA:0,(anonymous_3)
FNDA:0,(anonymous_4)
DA:4,0
DA:7,0
DA:11,0
DA:12,0
DA:16,0
DA:17,0
DA:18,0
DA:23,0
DA:24,0
DA:25,0
DA:30,0
LF:11
LH:0
BRDA:16,0,0,0
BRDA:16,0,1,0
BRDA:23,1,0,0
BRDA:23,1,1,0
BRF:4
BRH:0
end_of_record
TN:
SF:app/modifiers/css-background-image.js
FN:3,cssBackgroundImage
FNF:1
FNH:1
FNDA:8,cssBackgroundImage
DA:8,8
DA:9,0
DA:10,0
DA:12,8
DA:13,8
DA:14,0
LF:6
LH:3
BRDA:8,0,0,0
BRDA:8,0,1,8
BRDA:9,1,0,0
BRDA:9,1,1,0
BRDA:13,2,0,0
BRDA:13,2,1,8
BRF:6
BRH:2
end_of_record
TN:
SF:app/modifiers/css-background.js
FN:3,cssBackground
FNF:1
FNH:0
FNDA:0,cssBackground
DA:4,0
LF:1
LH:0
BRF:0
BRH:0
end_of_record
TN:
SF:app/modifiers/css-bg-color.js
FN:3,cssBackgroundColor
FNF:1
FNH:1
FNDA:86,cssBackgroundColor
DA:4,86
DA:5,1
LF:2
LH:2
BRDA:4,0,0,1
BRDA:4,0,1,85
BRF:2
BRH:2
end_of_record
TN:
SF:app/modifiers/lazy-bg-image.js
FN:14,(anonymous_0)
FN:18,(anonymous_1)
FN:24,(anonymous_2)
FN:40,(anonymous_3)
FN:52,(anonymous_4)
FNF:5
FNH:5
FNDA:171,(anonymous_0)
FNDA:85,(anonymous_1)
FNDA:85,(anonymous_2)
FNDA:85,(anonymous_3)
FNDA:85,(anonymous_4)
DA:6,1
DA:9,85
DA:15,171
DA:19,85
DA:25,85
DA:29,43
DA:30,43
DA:31,43
DA:35,43
DA:36,43
DA:37,43
DA:41,85
DA:42,0
DA:44,85
DA:49,85
DA:53,85
DA:54,85
LF:17
LH:16
BRDA:20,0,0,85
BRDA:20,0,1,85
BRDA:25,1,0,85
BRDA:25,1,1,85
BRDA:41,2,0,0
BRDA:41,2,1,85
BRF:6
BRH:5
end_of_record
TN:
SF:app/modifiers/nav-height-adjustment.js
FN:7,(anonymous_0)
FN:21,(anonymous_1)
FNF:2
FNH:2
FNDA:48,(anonymous_0)
FNDA:48,(anonymous_1)
DA:8,48
DA:9,33
DA:10,15
DA:11,15
DA:13,0
DA:17,0
DA:22,48
DA:23,33
DA:24,15
DA:25,15
DA:27,0
DA:28,0
DA:31,48
LF:13
LH:9
BRDA:8,0,0,33
BRDA:8,0,1,15
BRDA:10,1,0,15
BRDA:10,1,1,0
BRDA:22,2,0,33
BRDA:22,2,1,15
BRDA:24,3,0,15
BRDA:24,3,1,0
BRF:8
BRH:6
end_of_record
TN:
SF:app/modifiers/preserve-scroll.js
FN:8,(anonymous_0)
FN:19,(anonymous_1)
FN:25,(anonymous_2)
FN:34,(anonymous_3)
FN:40,(anonymous_4)
FN:44,(anonymous_5)
FN:48,(anonymous_6)
FN:53,(anonymous_7)
FNF:8
FNH:5
FNDA:4,(anonymous_0)
FNDA:1,(anonymous_1)
FNDA:0,(anonymous_2)
FNDA:0,(anonymous_3)
FNDA:5,(anonymous_4)
FNDA:4,(anonymous_5)
FNDA:0,(anonymous_6)
FNDA:4,(anonymous_7)
DA:5,1
DA:9,4
DA:10,4
DA:11,4
DA:12,4
DA:13,4
DA:20,1
DA:27,0
DA:36,0
DA:37,0
DA:41,5
DA:45,4
DA:49,0
DA:54,4
LF:14
LH:10
BRF:0
BRH:0
end_of_record
TN:
SF:app/modifiers/score-tier-bg-color.js
FN:3,scoreTierBgColor
FNF:1
FNH:0
FNDA:0,scoreTierBgColor
DA:8,0
DA:9,0
DA:10,0
DA:11,0
DA:12,0
DA:16,0
DA:18,0
DA:19,0
DA:21,0
DA:22,0
DA:23,0
DA:25,0
DA:29,0
DA:30,0
DA:31,0
DA:33,0
DA:35,0
DA:36,0
DA:38,0
LF:19
LH:0
BRDA:8,0,0,0
BRDA:8,0,1,0
BRDA:11,1,0,0
BRDA:11,1,1,0
BRDA:11,2,0,0
BRDA:11,2,1,0
BRDA:16,3,0,0
BRDA:16,3,1,0
BRDA:16,3,2,0
BRDA:16,3,3,0
BRDA:16,3,4,0
BRDA:16,3,5,0
BRDA:22,4,0,0
BRDA:22,4,1,0
BRDA:30,5,0,0
BRDA:30,5,1,0
BRDA:35,6,0,0
BRDA:35,6,1,0
BRF:18
BRH:0
end_of_record
TN:
SF:app/modifiers/track-event.js
FN:8,(anonymous_0)
FN:12,(anonymous_1)
FN:16,(anonymous_2)
FN:20,(anonymous_3)
FN:25,(anonymous_4)
FN:29,(anonymous_5)
FNF:6
FNH:3
FNDA:2,(anonymous_0)
FNDA:0,(anonymous_1)
FNDA:0,(anonymous_2)
FNDA:0,(anonymous_3)
FNDA:1,(anonymous_4)
FNDA:1,(anonymous_5)
DA:9,2
DA:13,0
DA:17,0
DA:22,0
DA:26,1
DA:30,1
LF:6
LH:3
BRF:0
BRH:0
end_of_record
TN:
SF:app/pods/account-creation/controller.js
FN:14,(anonymous_0)
FN:37,(anonymous_1)
FN:53,(anonymous_2)
FNF:3
FNH:0
FNDA:0,(anonymous_0)
FNDA:0,(anonymous_1)
FNDA:0,(anonymous_2)
DA:10,9
DA:11,9
DA:12,9
DA:15,0
DA:16,0
DA:17,0
DA:20,0
DA:21,0
DA:29,0
DA:30,0
DA:34,0
DA:39,0
DA:40,0
DA:41,0
DA:42,0
DA:43,0
DA:44,0
DA:45,0
DA:47,0
DA:50,0
DA:54,0
DA:55,0
LF:22
LH:3
BRDA:16,0,0,0
BRDA:16,0,1,0
BRDA:20,1,0,0
BRDA:20,1,1,0
BRDA:29,2,0,0
BRDA:29,2,1,0
BRDA:40,3,0,0
BRDA:40,3,1,0
BRDA:42,4,0,0
BRDA:42,4,1,0
BRDA:44,5,0,0
BRDA:44,5,1,0
BRDA:56,6,0,0
BRDA:56,6,1,0
BRF:14
BRH:0
end_of_record
TN:
SF:app/pods/account-creation/route.js
FNF:0
FNH:0
DA:4,12
LF:1
LH:1
BRF:0
BRH:0
end_of_record
TN:
SF:app/pods/account-creation/bringing-it-all-together/index/route.js
FN:4,(anonymous_0)
FNF:1
FNH:0
FNDA:0,(anonymous_0)
DA:5,0
DA:6,0
LF:2
LH:0
BRF:0
BRH:0
end_of_record
TN:
SF:app/pods/account-creation/bringing-it-all-together/intro/controller.js
FNF:0
FNH:0
DA:4,0
LF:1
LH:0
BRF:0
BRH:0
end_of_record
TN:
SF:app/pods/account-creation/bringing-it-all-together/intro/route.js
FN:8,(anonymous_0)
FNF:1
FNH:0
FNDA:0,(anonymous_0)
DA:9,0
DA:10,0
DA:11,0
DA:12,0
DA:14,0
DA:15,0
LF:6
LH:0
BRF:0
BRH:0
end_of_record
TN:
SF:app/pods/account-creation/bringing-it-all-together/preparing-first-week/route.js
FNF:0
FNH:0
LF:0
LH:0
BRF:0
BRH:0
end_of_record
TN:
SF:app/pods/account-creation/care/assessment-intro/controller.js
FN:12,(anonymous_0)
FNF:1
FNH:0
FNDA:0,(anonymous_0)
DA:8,0
DA:14,0
LF:2
LH:0
BRF:0
BRH:0
end_of_record
TN:
SF:app/pods/account-creation/care/assessment-intro/route.js
FN:6,(anonymous_0)
FN:23,(anonymous_1)
FN:29,(anonymous_2)
FN:39,(anonymous_3)
FNF:4
FNH:0
FNDA:0,(anonymous_0)
FNDA:0,(anonymous_1)
FNDA:0,(anonymous_2)
FNDA:0,(anonymous_3)
DA:7,0
DA:9,0
DA:10,0
DA:11,0
DA:12,0
DA:15,0
DA:24,0
DA:25,0
DA:30,0
DA:32,0
DA:34,0
DA:36,0
DA:41,0
DA:43,0
DA:44,0
DA:46,0
DA:47,0
DA:49,0
DA:51,0
LF:19
LH:0
BRDA:9,0,0,0
BRDA:9,0,1,0
BRDA:11,1,0,0
BRDA:11,1,1,0
BRDA:24,2,0,0
BRDA:24,2,1,0
BRDA:30,3,0,0
BRDA:30,3,1,0
BRDA:30,3,2,0
BRDA:41,4,0,0
BRDA:41,4,1,0
BRDA:41,4,2,0
BRF:12
BRH:0
end_of_record
TN:
SF:app/pods/account-creation/care/coach-selection/index/controller.js
FN:7,(anonymous_0)
FNF:1
FNH:0
FNDA:0,(anonymous_0)
DA:8,0
DA:9,0
DA:11,0
LF:3
LH:0
BRDA:8,0,0,0
BRDA:8,0,1,0
BRF:2
BRH:0
end_of_record
TN:
SF:app/pods/account-creation/care/coach-selection/index/route.js
FN:10,(anonymous_0)
FN:25,(anonymous_1)
FN:28,(anonymous_2)
FNF:3
FNH:0
FNDA:0,(anonymous_0)
FNDA:0,(anonymous_1)
FNDA:0,(anonymous_2)
DA:11,0
DA:12,0
DA:13,0
DA:14,0
DA:15,0
DA:17,0
DA:21,0
DA:26,0
DA:29,0
DA:36,0
LF:10
LH:0
BRDA:13,0,0,0
BRDA:13,0,1,0
BRDA:17,1,0,0
BRDA:17,1,1,0
BRDA:18,2,0,0
BRDA:18,2,1,0
BRDA:37,3,0,0
BRDA:37,3,1,0
BRDA:37,3,2,0
BRF:9
BRH:0
end_of_record
TN:
SF:app/pods/account-creation/care/coach-selection/select/route.js
FN:8,(anonymous_0)
FNF:1
FNH:0
FNDA:0,(anonymous_0)
DA:9,0
DA:11,0
DA:15,0
DA:16,0
DA:17,0
DA:22,0
LF:6
LH:0
BRDA:16,0,0,0
BRDA:16,0,1,0
BRDA:16,1,0,0
BRDA:16,1,1,0
BRF:4
BRH:0
end_of_record
TN:
SF:app/pods/account-creation/care/explainer/route.js
FNF:0
FNH:0
LF:0
LH:0
BRF:0
BRH:0
end_of_record
TN:
SF:app/pods/account-creation/care/intro/controller.js
FN:6,(anonymous_0)
FNF:1
FNH:0
FNDA:0,(anonymous_0)
DA:4,0
DA:7,0
LF:2
LH:0
BRF:0
BRH:0
end_of_record
TN:
SF:app/pods/account-creation/care/intro/route.js
FN:8,(anonymous_0)
FNF:1
FNH:0
FNDA:0,(anonymous_0)
DA:9,0
DA:10,0
DA:11,0
DA:12,0
DA:13,0
LF:5
LH:0
BRF:0
BRH:0
end_of_record
TN:
SF:app/pods/account-creation/care/plan/route.js
FN:14,(anonymous_0)
FN:22,(anonymous_1)
FNF:2
FNH:0
FNDA:0,(anonymous_0)
FNDA:0,(anonymous_1)
DA:15,0
DA:16,0
DA:17,0
DA:18,0
DA:23,0
DA:24,0
DA:25,0
DA:26,0
DA:27,0
DA:28,0
DA:29,0
DA:30,0
LF:12
LH:0
BRDA:17,0,0,0
BRDA:17,0,1,0
BRF:2
BRH:0
end_of_record
TN:
SF:app/pods/account-creation/care/who-5/assessment/route.js
FN:9,(anonymous_0)
FNF:1
FNH:0
FNDA:0,(anonymous_0)
DA:10,0
DA:11,0
LF:2
LH:0
BRF:0
BRH:0
end_of_record
TN:
SF:app/pods/account-creation/care/who-5/assessment/index/route.js
FN:6,(anonymous_0)
FNF:1
FNH:0
FNDA:0,(anonymous_0)
DA:7,0
DA:10,0
DA:11,0
DA:13,0
LF:4
LH:0
BRDA:10,0,0,0
BRDA:10,0,1,0
BRDA:15,1,0,0
BRDA:15,1,1,0
BRF:4
BRH:0
end_of_record
TN:
SF:app/pods/account-creation/care/who-5/assessment/item/controller.js
FNF:0
FNH:0
DA:4,1
DA:5,1
LF:2
LH:2
BRF:0
BRH:0
end_of_record
TN:
SF:app/pods/account-creation/care/who-5/assessment/item/route.js
FNF:0
FNH:0
DA:4,0
LF:1
LH:0
BRF:0
BRH:0
end_of_record
TN:
SF:app/pods/account-creation/care/who-5/index/route.js
FN:6,(anonymous_0)
FNF:1
FNH:0
FNDA:0,(anonymous_0)
DA:7,0
DA:8,0
LF:2
LH:0
BRF:0
BRH:0
end_of_record
TN:
SF:app/pods/account-creation/care/who-5/results/controller.js
FN:12,(anonymous_0)
FNF:1
FNH:0
FNDA:0,(anonymous_0)
DA:8,0
DA:14,0
LF:2
LH:0
BRF:0
BRH:0
end_of_record
TN:
SF:app/pods/account-creation/care/who-5/results/route.js
FN:20,(anonymous_0)
FN:30,(anonymous_1)
FN:48,(anonymous_2)
FN:56,(anonymous_3)
FNF:4
FNH:0
FNDA:0,(anonymous_0)
FNDA:0,(anonymous_1)
FNDA:0,(anonymous_2)
FNDA:0,(anonymous_3)
DA:21,0
DA:22,0
DA:23,0
DA:24,0
DA:25,0
DA:27,0
DA:31,0
DA:32,0
DA:33,0
DA:34,0
DA:35,0
DA:36,0
DA:38,0
DA:49,0
DA:50,0
DA:51,0
DA:56,0
DA:64,0
LF:18
LH:0
BRDA:24,0,0,0
BRDA:24,0,1,0
BRDA:24,1,0,0
BRDA:24,1,1,0
BRDA:49,2,0,0
BRDA:49,2,1,0
BRF:6
BRH:0
end_of_record
TN:
SF:app/pods/account-creation/confirm/controller.js
FN:27,(anonymous_0)
FN:42,(anonymous_1)
FN:53,(anonymous_2)
FNF:3
FNH:0
FNDA:0,(anonymous_0)
FNDA:0,(anonymous_1)
FNDA:0,(anonymous_2)
DA:7,0
DA:15,0
DA:16,0
DA:17,0
DA:18,0
DA:19,0
DA:20,0
DA:28,0
DA:29,0
DA:31,0
DA:32,0
DA:39,0
DA:44,0
DA:45,0
DA:46,0
DA:48,0
DA:49,0
DA:55,0
DA:56,0
DA:57,0
DA:58,0
DA:66,0
DA:67,0
DA:69,0
DA:70,0
DA:73,0
DA:74,0
DA:78,0
DA:80,0
DA:81,0
DA:82,0
DA:84,0
LF:32
LH:0
BRDA:28,0,0,0
BRDA:28,0,1,0
BRDA:31,1,0,0
BRDA:31,1,1,0
BRDA:33,2,0,0
BRDA:33,2,1,0
BRDA:33,2,2,0
BRDA:33,2,3,0
BRDA:39,3,0,0
BRDA:39,3,1,0
BRDA:44,4,0,0
BRDA:44,4,1,0
BRDA:66,5,0,0
BRDA:66,5,1,0
BRDA:69,6,0,0
BRDA:69,6,1,0
BRDA:80,7,0,0
BRDA:80,7,1,0
BRF:18
BRH:0
end_of_record
TN:
SF:app/pods/account-creation/confirm/route.js
FN:16,(anonymous_0)
FN:27,(anonymous_1)
FNF:2
FNH:0
FNDA:0,(anonymous_0)
FNDA:0,(anonymous_1)
DA:14,0
DA:17,0
DA:18,0
DA:19,0
DA:21,0
DA:23,0
DA:28,0
DA:29,0
LF:8
LH:0
BRDA:18,0,0,0
BRDA:18,0,1,0
BRDA:21,1,0,0
BRDA:21,1,1,0
BRF:4
BRH:0
end_of_record
TN:
SF:app/pods/account-creation/connect/assessment/route.js
FN:9,(anonymous_0)
FNF:1
FNH:1
FNDA:1,(anonymous_0)
DA:10,1
DA:11,1
LF:2
LH:2
BRF:0
BRH:0
end_of_record
TN:
SF:app/pods/account-creation/connect/assessment/index/route.js
FN:4,(anonymous_0)
FNF:1
FNH:1
FNDA:1,(anonymous_0)
DA:5,1
DA:6,1
LF:2
LH:2
BRDA:8,0,0,1
BRDA:8,0,1,1
BRF:2
BRH:2
end_of_record
TN:
SF:app/pods/account-creation/connect/assessment/item/controller.js
FNF:0
FNH:0
DA:4,1
DA:5,1
LF:2
LH:2
BRF:0
BRH:0
end_of_record
TN:
SF:app/pods/account-creation/connect/assessment/item/route.js
FNF:0
FNH:0
DA:4,1
LF:1
LH:1
BRF:0
BRH:0
end_of_record
TN:
SF:app/pods/account-creation/connect/index/route.js
FN:4,(anonymous_0)
FNF:1
FNH:0
FNDA:0,(anonymous_0)
DA:5,0
DA:6,0
LF:2
LH:0
BRF:0
BRH:0
end_of_record
TN:
SF:app/pods/account-creation/connect/intro/route.js
FN:11,(anonymous_0)
FN:18,(anonymous_1)
FNF:2
FNH:0
FNDA:0,(anonymous_0)
FNDA:0,(anonymous_1)
DA:12,0
DA:13,0
DA:14,0
DA:19,0
LF:4
LH:0
BRDA:13,0,0,0
BRDA:13,0,1,0
BRF:2
BRH:0
end_of_record
TN:
SF:app/pods/account-creation/connect/privacy/route.js
FN:8,(anonymous_0)
FNF:1
FNH:0
FNDA:0,(anonymous_0)
DA:9,0
DA:10,0
DA:12,0
DA:13,0
LF:4
LH:0
BRF:0
BRH:0
end_of_record
TN:
SF:app/pods/account-creation/consumer/route.js
FN:4,(anonymous_0)
FNF:1
FNH:1
FNDA:1,(anonymous_0)
DA:5,1
DA:6,1
LF:2
LH:2
BRF:0
BRH:0
end_of_record
TN:
SF:app/pods/account-creation/consumer/bringing-it-all-together/appointment-confirmation/route.js
FN:12,(anonymous_0)
FN:20,(anonymous_1)
FN:22,(anonymous_2)
FNF:3
FNH:0
FNDA:0,(anonymous_0)
FNDA:0,(anonymous_1)
FNDA:0,(anonymous_2)
DA:13,0
DA:14,0
DA:21,0
DA:22,0
DA:23,0
DA:27,0
DA:29,0
LF:7
LH:0
BRF:0
BRH:0
end_of_record
TN:
SF:app/pods/account-creation/consumer/bringing-it-all-together/complete/route.js
FN:10,(anonymous_0)
FN:16,(anonymous_1)
FN:22,(anonymous_2)
FNF:3
FNH:0
FNDA:0,(anonymous_0)
FNDA:0,(anonymous_1)
FNDA:0,(anonymous_2)
DA:11,0
DA:12,0
DA:13,0
DA:17,0
DA:18,0
DA:19,0
DA:23,0
LF:7
LH:0
BRF:0
BRH:0
end_of_record
TN:
SF:app/pods/account-creation/consumer/bringing-it-all-together/congratulations/route.js
FN:8,(anonymous_0)
FNF:1
FNH:0
FNDA:0,(anonymous_0)
DA:9,0
DA:14,0
LF:2
LH:0
BRF:0
BRH:0
end_of_record
TN:
SF:app/pods/account-creation/consumer/bringing-it-all-together/contact/route.js
FN:8,(anonymous_0)
FN:14,(anonymous_1)
FNF:2
FNH:0
FNDA:0,(anonymous_0)
FNDA:0,(anonymous_1)
DA:9,0
DA:11,0
DA:15,0
LF:3
LH:0
BRF:0
BRH:0
end_of_record
TN:
SF:app/pods/account-creation/consumer/bringing-it-all-together/index/route.js
FN:7,(anonymous_0)
FNF:1
FNH:0
FNDA:0,(anonymous_0)
DA:8,0
LF:1
LH:0
BRF:0
BRH:0
end_of_record
TN:
SF:app/pods/account-creation/consumer/bringing-it-all-together/professional-info/controller.js
FN:10,(anonymous_0)
FN:11,(anonymous_1)
FNF:2
FNH:0
FNDA:0,(anonymous_0)
FNDA:0,(anonymous_1)
DA:8,0
DA:11,0
LF:2
LH:0
BRF:0
BRH:0
end_of_record
TN:
SF:app/pods/account-creation/consumer/bringing-it-all-together/professional-info/route.js
FN:9,(anonymous_0)
FN:15,(anonymous_1)
FN:17,(anonymous_2)
FNF:3
FNH:0
FNDA:0,(anonymous_0)
FNDA:0,(anonymous_1)
FNDA:0,(anonymous_2)
DA:10,0
DA:12,0
DA:16,0
DA:17,0
DA:19,0
LF:5
LH:0
BRF:0
BRH:0
end_of_record
TN:
SF:app/pods/account-creation/consumer/check-email/route.js
FNF:0
FNH:0
DA:4,0
LF:1
LH:0
BRF:0
BRH:0
end_of_record
TN:
SF:app/pods/account-creation/consumer/confirm/controller.js
FN:19,(anonymous_0)
FN:23,(anonymous_1)
FN:28,(anonymous_2)
FNF:3
FNH:0
FNDA:0,(anonymous_0)
FNDA:0,(anonymous_1)
FNDA:0,(anonymous_2)
DA:7,0
DA:9,0
DA:10,0
DA:11,0
DA:12,0
DA:20,0
DA:25,0
DA:30,0
DA:31,0
DA:32,0
DA:33,0
DA:34,0
DA:44,0
DA:46,0
DA:47,0
DA:48,0
DA:50,0
LF:17
LH:0
BRDA:20,0,0,0
BRDA:20,0,1,0
BRDA:46,1,0,0
BRDA:46,1,1,0
BRF:4
BRH:0
end_of_record
TN:
SF:app/pods/account-creation/consumer/confirm/route.js
FN:10,(anonymous_0)
FN:18,(anonymous_1)
FNF:2
FNH:0
FNDA:0,(anonymous_0)
FNDA:0,(anonymous_1)
DA:8,0
DA:11,0
DA:12,0
DA:14,0
DA:19,0
DA:20,0
LF:6
LH:0
BRDA:12,0,0,0
BRDA:12,0,1,0
BRF:2
BRH:0
end_of_record
TN:
SF:app/pods/account-creation/consumer/getting-to-know-you/assessment/route.js
FN:9,(anonymous_0)
FNF:1
FNH:0
FNDA:0,(anonymous_0)
DA:10,0
DA:11,0
LF:2
LH:0
BRF:0
BRH:0
end_of_record
TN:
SF:app/pods/account-creation/consumer/getting-to-know-you/assessment/index/route.js
FN:4,(anonymous_0)
FNF:1
FNH:0
FNDA:0,(anonymous_0)
DA:5,0
DA:8,0
LF:2
LH:0
BRDA:10,0,0,0
BRDA:10,0,1,0
BRF:2
BRH:0
end_of_record
TN:
SF:app/pods/account-creation/consumer/getting-to-know-you/assessment/item/controller.js
FNF:0
FNH:0
DA:4,0
DA:5,0
LF:2
LH:0
BRF:0
BRH:0
end_of_record
TN:
SF:app/pods/account-creation/consumer/getting-to-know-you/assessment/item/route.js
FNF:0
FNH:0
DA:5,0
LF:1
LH:0
BRF:0
BRH:0
end_of_record
TN:
SF:app/pods/account-creation/consumer/getting-to-know-you/basics/route.js
FN:6,(anonymous_0)
FNF:1
FNH:0
FNDA:0,(anonymous_0)
DA:7,0
DA:8,0
DA:9,0
DA:10,0
DA:12,0
DA:13,0
DA:15,0
LF:7
LH:0
BRDA:9,0,0,0
BRDA:9,0,1,0
BRDA:12,1,0,0
BRDA:12,1,1,0
BRF:4
BRH:0
end_of_record
TN:
SF:app/pods/account-creation/consumer/getting-to-know-you/index/route.js
FN:4,(anonymous_0)
FNF:1
FNH:0
FNDA:0,(anonymous_0)
DA:5,0
DA:6,0
LF:2
LH:0
BRF:0
BRH:0
end_of_record
TN:
SF:app/pods/account-creation/consumer/getting-to-know-you/intro/controller.js
FNF:0
FNH:0
DA:4,0
LF:1
LH:0
BRF:0
BRH:0
end_of_record
TN:
SF:app/pods/account-creation/consumer/getting-to-know-you/intro/route.js
FN:10,(anonymous_0)
FN:14,(anonymous_1)
FNF:2
FNH:0
FNDA:0,(anonymous_0)
FNDA:0,(anonymous_1)
DA:11,0
DA:15,0
DA:17,0
LF:3
LH:0
BRF:0
BRH:0
end_of_record
TN:
SF:app/pods/account-creation/consumer/getting-to-know-you/video/controller.js
FNF:0
FNH:0
LF:0
LH:0
BRF:0
BRH:0
end_of_record
TN:
SF:app/pods/account-creation/consumer/index/route.js
FN:10,(anonymous_0)
FNF:1
FNH:0
FNDA:0,(anonymous_0)
DA:11,0
DA:13,0
DA:14,0
DA:18,0
DA:19,0
DA:25,0
DA:26,0
DA:27,0
DA:28,0
DA:29,0
DA:30,0
DA:31,0
DA:32,0
DA:34,0
DA:37,0
DA:41,0
DA:42,0
DA:47,0
DA:51,0
DA:55,0
DA:56,0
DA:62,0
DA:66,0
DA:67,0
LF:24
LH:0
BRDA:25,0,0,0
BRDA:25,0,1,0
BRDA:25,1,0,0
BRDA:25,1,1,0
BRDA:27,2,0,0
BRDA:27,2,1,0
BRDA:29,3,0,0
BRDA:29,3,1,0
BRDA:31,4,0,0
BRDA:31,4,1,0
BRDA:67,5,0,0
BRDA:67,5,1,0
BRF:12
BRH:0
end_of_record
TN:
SF:app/pods/account-creation/consumer/register/controller.js
FN:42,(anonymous_0)
FN:47,(anonymous_1)
FN:56,(anonymous_2)
FNF:3
FNH:0
FNDA:0,(anonymous_0)
FNDA:0,(anonymous_1)
FNDA:0,(anonymous_2)
DA:6,1
DA:26,0
DA:28,0
DA:29,0
DA:30,0
DA:31,0
DA:32,0
DA:33,0
DA:44,0
DA:49,0
DA:51,0
DA:52,0
DA:53,0
DA:55,0
DA:56,0
DA:57,0
DA:58,0
DA:60,0
DA:62,0
DA:72,0
DA:73,0
DA:75,0
DA:76,0
DA:77,0
DA:78,0
DA:80,0
LF:26
LH:1
BRDA:57,0,0,0
BRDA:57,0,1,0
BRDA:75,1,0,0
BRDA:75,1,1,0
BRF:4
BRH:0
end_of_record
TN:
SF:app/pods/account-creation/consumer/register/route.js
FN:11,(anonymous_0)
FNF:1
FNH:0
FNDA:0,(anonymous_0)
DA:9,0
DA:12,0
DA:13,0
DA:14,0
DA:16,0
LF:5
LH:0
BRDA:13,0,0,0
BRDA:13,0,1,0
BRF:2
BRH:0
end_of_record
TN:
SF:app/pods/account-creation/consumer/select-your-coach/index/route.js
FN:9,(anonymous_0)
FNF:1
FNH:0
FNDA:0,(anonymous_0)
DA:10,0
DA:12,0
DA:16,0
DA:17,0
DA:19,0
DA:24,0
LF:6
LH:0
BRDA:16,0,0,0
BRDA:16,0,1,0
BRDA:16,1,0,0
BRDA:16,1,1,0
BRDA:25,2,0,0
BRDA:25,2,1,0
BRDA:25,2,2,0
BRF:7
BRH:0
end_of_record
TN:
SF:app/pods/account-creation/consumer/select-your-coach/intro/controller.js
FNF:0
FNH:0
DA:4,0
LF:1
LH:0
BRF:0
BRH:0
end_of_record
TN:
SF:app/pods/account-creation/consumer/select-your-coach/intro/route.js
FN:8,(anonymous_0)
FN:12,(anonymous_1)
FNF:2
FNH:0
FNDA:0,(anonymous_0)
FNDA:0,(anonymous_1)
DA:9,0
DA:13,0
LF:2
LH:0
BRF:0
BRH:0
end_of_record
TN:
SF:app/pods/account-creation/consumer/select-your-coach/select/route.js
FN:8,(anonymous_0)
FNF:1
FNH:0
FNDA:0,(anonymous_0)
DA:9,0
DA:11,0
DA:14,0
DA:15,0
DA:20,0
LF:5
LH:0
BRDA:14,0,0,0
BRDA:14,0,1,0
BRF:2
BRH:0
end_of_record
TN:
SF:app/pods/account-creation/consumer/subscribe/controller.js
FN:10,(anonymous_0)
FN:14,(anonymous_1)
FN:18,(anonymous_2)
FN:22,(anonymous_3)
FN:26,(anonymous_4)
FNF:5
FNH:0
FNDA:0,(anonymous_0)
FNDA:0,(anonymous_1)
FNDA:0,(anonymous_2)
FNDA:0,(anonymous_3)
FNDA:0,(anonymous_4)
DA:8,0
DA:11,0
DA:15,0
DA:19,0
DA:23,0
DA:27,0
DA:29,0
DA:30,0
DA:33,0
DA:34,0
DA:37,0
DA:38,0
DA:43,0
LF:13
LH:0
BRDA:23,0,0,0
BRDA:23,0,1,0
BRDA:29,1,0,0
BRDA:29,1,1,0
BRDA:33,2,0,0
BRDA:33,2,1,0
BRDA:37,3,0,0
BRDA:37,3,1,0
BRDA:37,4,0,0
BRDA:37,4,1,0
BRF:10
BRH:0
end_of_record
TN:
SF:app/pods/account-creation/consumer/subscribe/route.js
FN:12,(anonymous_0)
FN:17,(anonymous_1)
FN:37,(anonymous_2)
FN:47,(anonymous_3)
FNF:4
FNH:0
FNDA:0,(anonymous_0)
FNDA:0,(anonymous_1)
FNDA:0,(anonymous_2)
FNDA:0,(anonymous_3)
DA:13,0
DA:14,0
DA:18,0
DA:22,0
DA:28,0
DA:30,0
DA:38,0
DA:40,0
DA:41,0
DA:48,0
LF:10
LH:0
BRDA:40,0,0,0
BRDA:40,0,1,0
BRF:2
BRH:0
end_of_record
TN:
SF:app/pods/account-creation/consumer/subscribed/controller.js
FN:14,(anonymous_0)
FN:21,(anonymous_1)
FNF:2
FNH:1
FNDA:1,(anonymous_0)
FNDA:0,(anonymous_1)
DA:16,1
DA:17,1
DA:18,1
DA:20,1
DA:21,0
DA:22,0
DA:23,0
DA:26,1
DA:27,1
DA:31,0
LF:10
LH:6
BRDA:18,0,0,1
BRDA:18,0,1,0
BRDA:18,1,0,1
BRDA:18,1,1,0
BRDA:20,2,0,1
BRDA:20,2,1,0
BRDA:26,3,0,1
BRDA:26,3,1,0
BRF:8
BRH:4
end_of_record
TN:
SF:app/pods/account-creation/consumer/what-we-do/assessment/route.js
FN:9,(anonymous_0)
FNF:1
FNH:0
FNDA:0,(anonymous_0)
DA:10,0
DA:11,0
LF:2
LH:0
BRF:0
BRH:0
end_of_record
TN:
SF:app/pods/account-creation/consumer/what-we-do/assessment/index/route.js
FN:4,(anonymous_0)
FNF:1
FNH:0
FNDA:0,(anonymous_0)
DA:5,0
DA:8,0
LF:2
LH:0
BRDA:10,0,0,0
BRDA:10,0,1,0
BRF:2
BRH:0
end_of_record
TN:
SF:app/pods/account-creation/consumer/what-we-do/assessment/item/controller.js
FNF:0
FNH:0
DA:4,0
DA:5,0
LF:2
LH:0
BRF:0
BRH:0
end_of_record
TN:
SF:app/pods/account-creation/consumer/what-we-do/assessment/item/route.js
FNF:0
FNH:0
DA:4,0
LF:1
LH:0
BRF:0
BRH:0
[...]
FNDA:0,(anonymous_7)
FNDA:0,(anonymous_8)
FNDA:0,(anonymous_9)
FNDA:0,(anonymous_10)
FNDA:0,(anonymous_11)
FNDA:0,(anonymous_12)
FNDA:0,(anonymous_13)
FNDA:0,(anonymous_14)
FNDA:0,(anonymous_15)
FNDA:0,(anonymous_16)
FNDA:0,(anonymous_17)
FNDA:0,(anonymous_18)
FNDA:0,(anonymous_19)
FNDA:0,(anonymous_20)
FNDA:0,(anonymous_21)
FNDA:0,(anonymous_22)
DA:17,0
DA:42,0
DA:44,0
DA:46,0
DA:48,0
DA:50,0
DA:52,0
DA:57,0
DA:65,0
DA:69,0
DA:73,0
DA:77,0
DA:78,0
DA:79,0
DA:80,0
DA:83,0
DA:87,0
DA:91,0
DA:95,0
DA:99,0
DA:103,0
DA:104,0
DA:106,0
DA:107,0
DA:109,0
DA:113,0
DA:114,0
DA:115,0
DA:116,0
DA:117,0
DA:118,0
DA:120,0
DA:124,0
DA:128,0
DA:132,0
DA:133,0
DA:134,0
DA:140,0
DA:141,0
DA:150,0
DA:151,0
DA:155,0
DA:156,0
DA:158,0
DA:167,0
DA:174,0
DA:178,0
DA:189,0
DA:190,0
DA:202,0
DA:210,0
DA:215,0
DA:216,0
DA:231,0
DA:236,0
DA:254,0
DA:255,0
DA:256,0
DA:257,0
DA:258,0
DA:259,0
DA:260,0
DA:262,0
DA:266,0
DA:270,0
DA:279,0
DA:280,0
DA:281,0
DA:283,0
DA:287,0
DA:295,0
DA:299,0
DA:300,0
DA:301,0
DA:304,0
DA:314,0
LF:76
LH:0
BRDA:42,0,0,0
BRDA:42,0,1,0
BRDA:42,0,2,0
BRDA:42,0,3,0
BRDA:42,0,4,0
BRDA:79,1,0,0
BRDA:79,1,1,0
BRDA:85,2,0,0
BRDA:85,2,1,0
BRDA:89,3,0,0
BRDA:89,3,1,0
BRDA:93,4,0,0
BRDA:93,4,1,0
BRDA:97,5,0,0
BRDA:97,5,1,0
BRDA:101,6,0,0
BRDA:101,6,1,0
BRDA:113,7,0,0
BRDA:113,7,1,0
BRDA:115,8,0,0
BRDA:115,8,1,0
BRDA:117,9,0,0
BRDA:117,9,1,0
BRDA:140,10,0,0
BRDA:140,10,1,0
BRDA:150,11,0,0
BRDA:150,11,1,0
BRDA:155,12,0,0
BRDA:155,12,1,0
BRDA:156,13,0,0
BRDA:156,13,1,0
BRDA:174,14,0,0
BRDA:174,14,1,0
BRDA:175,15,0,0
BRDA:175,15,1,0
BRDA:189,16,0,0
BRDA:189,16,1,0
BRDA:206,17,0,0
BRDA:207,18,0,0
BRDA:208,19,0,0
BRDA:227,20,0,0
BRDA:228,21,0,0
BRDA:229,22,0,0
BRDA:255,23,0,0
BRDA:255,23,1,0
BRDA:257,24,0,0
BRDA:257,24,1,0
BRDA:259,25,0,0
BRDA:259,25,1,0
BRDA:300,26,0,0
BRDA:300,26,1,0
BRF:51
BRH:0
end_of_record
TN:
SF:app/services/zendesk.js
FN:20,(anonymous_0)
FN:27,(anonymous_1)
FN:28,(anonymous_2)
FN:33,(anonymous_3)
FN:45,(anonymous_4)
FN:58,(anonymous_5)
FN:62,(anonymous_6)
FN:68,(anonymous_7)
FN:72,(anonymous_8)
FN:89,(anonymous_9)
FN:103,(anonymous_10)
FN:118,(anonymous_11)
FN:137,(anonymous_12)
FN:141,(anonymous_13)
FNF:14
FNH:3
FNDA:3,(anonymous_0)
FNDA:0,(anonymous_1)
FNDA:0,(anonymous_2)
FNDA:2,(anonymous_3)
FNDA:0,(anonymous_4)
FNDA:0,(anonymous_5)
FNDA:0,(anonymous_6)
FNDA:0,(anonymous_7)
FNDA:0,(anonymous_8)
FNDA:0,(anonymous_9)
FNDA:4,(anonymous_10)
FNDA:0,(anonymous_11)
FNDA:0,(anonymous_12)
FNDA:0,(anonymous_13)
DA:12,1
DA:13,1
DA:14,1
DA:21,3
DA:22,3
DA:23,0
DA:28,0
DA:29,0
DA:34,2
DA:35,1
DA:36,1
DA:37,1
DA:38,1
DA:39,1
DA:41,1
DA:46,0
DA:59,0
DA:63,0
DA:69,0
DA:73,0
DA:89,3
DA:90,0
DA:103,3
DA:104,4
DA:105,4
DA:110,1
DA:111,1
DA:113,3
DA:114,3
DA:119,0
DA:120,0
DA:124,0
DA:125,0
DA:126,0
DA:127,0
DA:129,0
DA:130,0
DA:132,0
DA:138,0
DA:139,0
DA:140,0
DA:141,0
DA:142,0
DA:143,0
DA:144,0
DA:149,0
DA:150,0
DA:152,0
LF:48
LH:20
BRDA:22,0,0,0
BRDA:22,0,1,3
BRDA:34,1,0,1
BRDA:34,1,1,1
BRDA:105,2,0,1
BRDA:105,2,1,3
BRDA:106,3,0,4
BRDA:106,3,1,3
BRDA:106,3,2,2
BRDA:124,4,0,0
BRDA:124,4,1,0
BRDA:124,5,0,0
BRDA:124,5,1,0
BRDA:125,6,0,0
BRDA:125,6,1,0
BRF:15
BRH:8
end_of_record
TN:
SF:app/transforms/object.js
FN:4,(anonymous_0)
FN:8,(anonymous_1)
FNF:2
FNH:2
FNDA:3,(anonymous_0)
FNDA:68,(anonymous_1)
DA:5,3
DA:9,68
LF:2
LH:2
BRF:0
BRH:0
end_of_record
TN:
SF:app/utils/active-record-timezone.js
FN:484,from
FN:488,(anonymous_1)
FN:494,to
FNF:3
FNH:2
FNDA:7,from
FNDA:0,(anonymous_1)
FNDA:1,to
DA:8,1
DA:485,7
DA:488,0
DA:495,1
LF:4
LH:3
BRDA:486,0,0,7
BRDA:486,0,1,0
BRF:2
BRH:1
end_of_record
TN:
SF:app/utils/camelize-keys.js
FN:3,camelizeKeys
FN:5,(anonymous_1)
FNF:2
FNH:0
FNDA:0,camelizeKeys
FNDA:0,(anonymous_1)
DA:4,0
DA:5,0
DA:6,0
DA:7,0
DA:9,0
LF:5
LH:0
BRF:0
BRH:0
end_of_record
TN:
SF:app/utils/care-wellbeing-cluster-for-score.js
FN:3,careWellbeingClusterForScore
FNF:1
FNH:1
FNDA:15,careWellbeingClusterForScore
DA:4,15
DA:5,3
DA:6,12
DA:7,3
DA:8,9
DA:9,3
DA:11,6
LF:7
LH:7
BRDA:4,0,0,3
BRDA:4,0,1,12
BRDA:6,1,0,3
BRDA:6,1,1,9
BRDA:8,2,0,3
BRDA:8,2,1,6
BRF:6
BRH:6
end_of_record
TN:
SF:app/utils/coach-profile-qualifications.js
FNF:0
FNH:0
DA:1,1
DA:35,1
DA:62,1
DA:66,1
DA:80,1
DA:94,1
LF:6
LH:6
BRF:0
BRH:0
end_of_record
TN:
SF:app/utils/confirm-appointment.js
FN:1,confirmAppointment
FN:18,(anonymous_1)
FNF:2
FNH:0
FNDA:0,confirmAppointment
FNDA:0,(anonymous_1)
DA:8,0
DA:14,0
DA:16,0
DA:19,0
DA:20,0
LF:5
LH:0
BRF:0
BRH:0
end_of_record
TN:
SF:app/utils/decamelize-keys.js
FN:3,decamelizeKeys
FN:5,(anonymous_1)
FNF:2
FNH:2
FNDA:119,decamelizeKeys
FNDA:730,(anonymous_1)
DA:4,119
DA:5,119
DA:6,730
DA:7,730
DA:9,119
LF:5
LH:5
BRF:0
BRH:0
end_of_record
TN:
SF:app/utils/deferred-descendant-properties.js
FN:3,deferredDescendantProperties
FN:9,(anonymous_1)
FN:11,(anonymous_2)
FNF:3
FNH:0
FNDA:0,deferredDescendantProperties
FNDA:0,(anonymous_1)
FNDA:0,(anonymous_2)
DA:1,1
DA:8,0
DA:9,0
DA:10,0
DA:11,0
LF:5
LH:1
BRF:0
BRH:0
end_of_record
TN:
SF:app/utils/ember-data-sentry-fingerprint.js
FN:4,(anonymous_0)
FNF:1
FNH:0
FNDA:0,(anonymous_0)
DA:1,1
DA:2,1
DA:5,0
DA:7,0
DA:8,0
DA:10,0
DA:11,0
DA:15,0
LF:8
LH:2
BRDA:7,0,0,0
BRDA:7,0,1,0
BRDA:10,1,0,0
BRDA:10,1,1,0
BRDA:10,2,0,0
BRDA:10,2,1,0
BRF:6
BRH:0
end_of_record
TN:
SF:app/utils/error-tracking.js
FN:9,getSentry
FN:13,getDatadog
FN:17,setSentry
FN:21,setDatadog
FN:25,datadogEnabled
FN:29,sentryEnabled
FN:38,createScopeObject
FN:50,(anonymous_7)
FN:58,(anonymous_8)
FN:71,initErrorTracking
FN:92,trackError
FN:101,trackErrorInSentry
FN:115,trackErrorInDatadog
FN:129,configureScope
FN:139,initSentry
FN:141,(anonymous_15)
FN:147,initDatadog
FNF:17
FNH:11
FNDA:161,getSentry
FNDA:0,getDatadog
FNDA:1,setSentry
FNDA:1,setDatadog
FNDA:162,datadogEnabled
FNDA:162,sentryEnabled
FNDA:1,createScopeObject
FNDA:0,(anonymous_7)
FNDA:0,(anonymous_8)
FNDA:1,initErrorTracking
FNDA:161,trackError
FNDA:161,trackErrorInSentry
FNDA:161,trackErrorInDatadog
FNDA:0,configureScope
FNDA:1,initSentry
FNDA:0,(anonymous_15)
FNDA:0,initDatadog
DA:10,161
DA:14,0
DA:18,1
DA:22,1
DA:26,162
DA:30,162
DA:40,1
DA:45,1
DA:51,0
DA:59,0
DA:65,1
DA:72,1
DA:73,1
DA:75,1
DA:76,1
DA:78,0
DA:81,1
DA:82,0
DA:84,1
DA:93,161
DA:94,161
DA:102,161
DA:103,161
DA:104,0
DA:105,161
DA:106,161
DA:116,161
DA:117,0
DA:118,0
DA:119,0
DA:120,0
DA:130,0
DA:132,0
DA:134,0
DA:135,0
DA:140,1
DA:142,0
DA:148,0
DA:164,0
LF:39
LH:22
BRDA:26,0,0,162
BRDA:26,0,1,0
BRDA:75,1,0,1
BRDA:75,1,1,0
BRDA:81,2,0,0
BRDA:81,2,1,1
BRDA:102,3,0,161
BRDA:102,3,1,0
BRDA:103,4,0,0
BRDA:103,4,1,161
BRDA:105,5,0,161
BRDA:105,5,1,0
BRDA:116,6,0,0
BRDA:116,6,1,161
BRDA:117,7,0,0
BRDA:117,7,1,0
BRDA:119,8,0,0
BRDA:119,8,1,0
BRDA:130,9,0,0
BRDA:130,9,1,0
BRDA:134,10,0,0
BRDA:134,10,1,0
BRF:22
BRH:7
end_of_record
TN:
SF:app/utils/get-coach-time-difference.js
FN:4,getCoachTimeDifference
FNF:1
FNH:0
FNDA:0,getCoachTimeDifference
DA:5,0
DA:6,0
DA:7,0
DA:8,0
DA:10,0
DA:11,0
DA:13,0
DA:14,0
DA:15,0
DA:20,0
DA:21,0
DA:29,0
LF:12
LH:0
BRDA:14,0,0,0
BRDA:14,0,1,0
BRDA:20,1,0,0
BRDA:20,1,1,0
BRF:4
BRH:0
end_of_record
TN:
SF:app/utils/get-last-record-id-from-url.js
FN:1,(anonymous_0)
FNF:1
FNH:1
FNDA:197,(anonymous_0)
DA:2,197
DA:3,197
LF:2
LH:2
BRDA:3,0,0,197
BRDA:3,0,1,197
BRF:2
BRH:2
end_of_record
TN:
SF:app/utils/group-by-month-and-day.js
FN:1,groupByMonthAndDay
FN:2,(anonymous_1)
FN:12,(anonymous_2)
FN:13,(anonymous_3)
FNF:4
FNH:4
FNDA:2,groupByMonthAndDay
FNDA:5,(anonymous_1)
FNDA:3,(anonymous_2)
FNDA:5,(anonymous_3)
DA:2,2
DA:3,5
DA:4,5
DA:5,5
DA:6,3
DA:8,5
DA:9,5
DA:12,2
DA:13,3
DA:14,5
DA:15,5
DA:16,4
DA:18,5
DA:19,5
DA:21,3
DA:22,3
LF:16
LH:16
BRDA:5,0,0,3
BRDA:5,0,1,2
BRDA:15,1,0,4
BRDA:15,1,1,1
BRF:4
BRH:4
end_of_record
TN:
SF:app/utils/hex-to-rgba.js
FN:1,hexToRgba
FNF:1
FNH:0
FNDA:0,hexToRgba
DA:2,0
DA:3,0
DA:4,0
DA:5,0
DA:6,0
LF:5
LH:0
BRDA:1,0,0,0
BRDA:6,1,0,0
BRDA:6,1,1,0
BRF:3
BRH:0
end_of_record
TN:
SF:app/utils/icon-name-for-verb.js
FN:3,iconNameForVerb
FNF:1
FNH:1
FNDA:89,iconNameForVerb
DA:4,89
DA:5,86
DA:7,3
DA:8,3
DA:10,0
LF:5
LH:4
BRDA:4,0,0,86
BRDA:4,0,1,3
BRDA:7,1,0,3
BRDA:7,1,1,0
BRF:4
BRH:3
end_of_record
TN:
SF:app/utils/is-safari.js
FNF:0
FNH:0
LF:0
LH:0
BRF:0
BRH:0
end_of_record
TN:
SF:app/utils/language-list.js
FNF:0
FNH:0
DA:1,1
DA:2,1
LF:2
LH:2
BRF:0
BRH:0
end_of_record
TN:
SF:app/utils/open-mail-to.js
FN:1,openMailTo
FNF:1
FNH:1
FNDA:1,openMailTo
DA:2,1
DA:4,1
DA:5,0
DA:7,1
DA:8,0
DA:11,1
LF:6
LH:4
BRDA:4,0,0,0
BRDA:4,0,1,1
BRDA:7,1,0,0
BRDA:7,1,1,1
BRF:4
BRH:2
end_of_record
TN:
SF:app/utils/open-url.js
FN:4,openUrl
FNF:1
FNH:0
FNDA:0,openUrl
DA:5,0
DA:6,0
DA:7,0
DA:9,0
DA:12,0
DA:15,0
DA:17,0
DA:19,0
DA:22,0
DA:24,0
DA:27,0
LF:11
LH:0
BRDA:4,0,0,0
BRDA:5,1,0,0
BRDA:5,1,1,0
BRDA:6,2,0,0
BRDA:6,2,1,0
BRDA:19,3,0,0
BRDA:19,3,1,0
BRF:7
BRH:0
end_of_record
TN:
SF:app/utils/redirect-to.js
FN:1,rootWithRedirect
FNF:1
FNH:0
FNDA:0,rootWithRedirect
DA:2,0
DA:3,0
LF:2
LH:0
BRF:0
BRH:0
end_of_record
TN:
SF:app/utils/scroll-to-element.js
FN:1,scrollToElementWithQuery
FN:13,scrollToElement
FNF:2
FNH:0
FNDA:0,scrollToElementWithQuery
FNDA:0,scrollToElement
DA:6,0
DA:8,0
DA:9,0
DA:14,0
DA:15,0
DA:16,0
LF:6
LH:0
BRDA:3,0,0,0
BRDA:4,1,0,0
BRDA:8,2,0,0
BRDA:8,2,1,0
BRDA:13,3,0,0
BRDA:15,4,0,0
BRDA:15,4,1,0
BRF:7
BRH:0
end_of_record
TN:
SF:app/utils/session-time-options.js
FN:21,ordinalTimeToNominalTime
FN:31,shortTimezoneName
FN:36,(anonymous_2)
FN:42,recommendedSessionTimes
FN:45,(anonymous_4)
FNF:5
FNH:0
FNDA:0,ordinalTimeToNominalTime
FNDA:0,shortTimezoneName
FNDA:0,(anonymous_2)
FNDA:0,recommendedSessionTimes
FNDA:0,(anonymous_4)
DA:4,1
DA:5,1
DA:19,1
DA:22,0
DA:23,0
DA:25,0
DA:26,0
DA:28,0
DA:32,0
DA:35,0
DA:36,0
DA:37,0
DA:39,0
DA:43,0
DA:44,0
DA:45,0
DA:46,0
DA:52,0
LF:18
LH:3
BRDA:22,0,0,0
BRDA:22,0,1,0
BRDA:22,1,0,0
BRDA:22,1,1,0
BRDA:25,2,0,0
BRDA:25,2,1,0
BRDA:25,3,0,0
BRDA:25,3,1,0
BRF:8
BRH:0
end_of_record
TN:
SF:app/utils/session-topics.js
FNF:0
FNH:0
LF:0
LH:0
BRF:0
BRH:0
end_of_record
TN:
SF:app/utils/set-url-query-param.js
FN:1,setUrlQueryParam
FNF:1
FNH:0
FNDA:0,setUrlQueryParam
DA:2,0
DA:3,0
DA:4,0
DA:5,0
DA:6,0
DA:7,0
DA:8,0
LF:7
LH:0
BRF:0
BRH:0
end_of_record
TN:
SF:app/utils/timer.js
FN:1,(anonymous_0)
FN:2,(anonymous_1)
FN:3,(anonymous_2)
FNF:3
FNH:3
FNDA:128,(anonymous_0)
FNDA:125,(anonymous_1)
FNDA:85,(anonymous_2)
DA:1,128
DA:2,125
DA:4,85
DA:5,85
LF:4
LH:4
BRDA:1,0,0,3
BRDA:2,1,0,125
BRDA:2,2,0,125
BRDA:2,2,1,0
BRDA:3,3,0,85
BRDA:3,4,0,85
BRDA:3,4,1,0
BRDA:5,5,0,85
BRDA:5,5,1,0
BRF:9
BRH:6
end_of_record
TN:
SF:app/utils/timezone-list.js
FNF:0
FNH:0
LF:0
LH:0
BRF:0
BRH:0
end_of_record
TN:
SF:app/utils/tokbox-audio-monitor.js
FN:12,(anonymous_0)
FN:16,(anonymous_1)
FNF:2
FNH:0
FNDA:0,(anonymous_0)
FNDA:0,(anonymous_1)
DA:8,0
DA:9,0
DA:10,0
DA:13,0
DA:17,0
DA:18,0
DA:22,0
DA:24,0
DA:29,0
LF:9
LH:0
BRDA:18,0,0,0
BRDA:18,0,1,0
BRDA:19,1,0,0
BRDA:19,1,1,0
BRF:4
BRH:0
end_of_record
TN:
SF:app/utils/tokbox-connection.js
FN:63,(anonymous_0)
FN:64,(anonymous_1)
FN:65,(anonymous_2)
FN:66,(anonymous_3)
FN:68,(anonymous_4)
FN:85,(anonymous_5)
FN:90,(anonymous_6)
FN:95,(anonymous_7)
FN:100,(anonymous_8)
FN:105,(anonymous_9)
FN:109,(anonymous_10)
FN:114,(anonymous_11)
FN:124,(anonymous_12)
FN:125,(anonymous_13)
FN:127,(anonymous_14)
FN:144,(anonymous_15)
FN:146,(anonymous_16)
FN:152,(anonymous_17)
FN:163,(anonymous_18)
FN:166,(anonymous_19)
FN:170,(anonymous_20)
FN:173,(anonymous_21)
FN:182,(anonymous_22)
FN:190,(anonymous_23)
FN:220,(anonymous_24)
FN:221,(anonymous_25)
FN:222,(anonymous_26)
FN:232,(anonymous_27)
FN:237,(anonymous_28)
FN:242,(anonymous_29)
FN:247,(anonymous_30)
FN:277,(anonymous_31)
FN:286,(anonymous_32)
FN:290,(anonymous_33)
FN:296,(anonymous_34)
FN:301,(anonymous_35)
FN:308,(anonymous_36)
FN:312,(anonymous_37)
FN:316,(anonymous_38)
FN:326,(anonymous_39)
FN:337,(anonymous_40)
FN:343,(anonymous_41)
FN:353,(anonymous_42)
FN:373,(anonymous_43)
FN:379,(anonymous_44)
FN:385,(anonymous_45)
FN:391,(anonymous_46)
FN:395,(anonymous_47)
FN:399,(anonymous_48)
FN:405,(anonymous_49)
FN:411,(anonymous_50)
FN:424,(anonymous_51)
FN:437,(anonymous_52)
FN:446,(anonymous_53)
FN:450,(anonymous_54)
FN:454,(anonymous_55)
FN:461,(anonymous_56)
FN:465,(anonymous_57)
FN:469,(anonymous_58)
FNF:59
FNH:0
FNDA:0,(anonymous_0)
FNDA:0,(anonymous_1)
FNDA:0,(anonymous_2)
FNDA:0,(anonymous_3)
FNDA:0,(anonymous_4)
FNDA:0,(anonymous_5)
FNDA:0,(anonymous_6)
FNDA:0,(anonymous_7)
FNDA:0,(anonymous_8)
FNDA:0,(anonymous_9)
FNDA:0,(anonymous_10)
FNDA:0,(anonymous_11)
FNDA:0,(anonymous_12)
FNDA:0,(anonymous_13)
FNDA:0,(anonymous_14)
FNDA:0,(anonymous_15)
FNDA:0,(anonymous_16)
FNDA:0,(anonymous_17)
FNDA:0,(anonymous_18)
FNDA:0,(anonymous_19)
FNDA:0,(anonymous_20)
FNDA:0,(anonymous_21)
FNDA:0,(anonymous_22)
FNDA:0,(anonymous_23)
FNDA:0,(anonymous_24)
FNDA:0,(anonymous_25)
FNDA:0,(anonymous_26)
FNDA:0,(anonymous_27)
FNDA:0,(anonymous_28)
FNDA:0,(anonymous_29)
FNDA:0,(anonymous_30)
FNDA:0,(anonymous_31)
FNDA:0,(anonymous_32)
FNDA:0,(anonymous_33)
FNDA:0,(anonymous_34)
FNDA:0,(anonymous_35)
FNDA:0,(anonymous_36)
FNDA:0,(anonymous_37)
FNDA:0,(anonymous_38)
FNDA:0,(anonymous_39)
FNDA:0,(anonymous_40)
FNDA:0,(anonymous_41)
FNDA:0,(anonymous_42)
FNDA:0,(anonymous_43)
FNDA:0,(anonymous_44)
FNDA:0,(anonymous_45)
FNDA:0,(anonymous_46)
FNDA:0,(anonymous_47)
FNDA:0,(anonymous_48)
FNDA:0,(anonymous_49)
FNDA:0,(anonymous_50)
FNDA:0,(anonymous_51)
FNDA:0,(anonymous_52)
FNDA:0,(anonymous_53)
FNDA:0,(anonymous_54)
FNDA:0,(anonymous_55)
FNDA:0,(anonymous_56)
FNDA:0,(anonymous_57)
FNDA:0,(anonymous_58)
DA:12,1
DA:13,1
DA:26,0
DA:27,0
DA:32,0
DA:33,0
DA:34,0
DA:35,0
DA:36,0
DA:37,0
DA:38,0
DA:39,0
DA:40,0
DA:41,0
DA:42,0
DA:43,0
DA:44,0
DA:45,0
DA:46,0
DA:47,0
DA:48,0
DA:49,0
DA:50,0
DA:51,0
DA:56,0
DA:61,0
DA:62,0
DA:69,0
DA:70,0
DA:71,0
DA:72,0
DA:73,0
DA:74,0
DA:75,0
DA:76,0
DA:77,0
DA:81,0
DA:82,0
DA:86,0
DA:87,0
DA:91,0
DA:92,0
DA:96,0
DA:97,0
DA:101,0
DA:106,0
DA:107,0
DA:110,0
DA:115,0
DA:116,0
DA:117,0
DA:118,0
DA:120,0
DA:125,0
DA:126,0
DA:127,0
DA:128,0
DA:129,0
DA:130,0
DA:132,0
DA:133,0
DA:134,0
DA:135,0
DA:137,0
DA:138,0
DA:145,0
DA:146,0
DA:147,0
DA:153,0
DA:154,0
DA:156,0
DA:164,0
DA:167,0
DA:171,0
DA:174,0
DA:175,0
DA:176,0
DA:177,0
DA:178,0
DA:181,0
DA:182,0
DA:183,0
DA:184,0
DA:191,0
DA:205,0
DA:206,0
DA:207,0
DA:210,0
DA:215,0
DA:216,0
DA:217,0
DA:221,0
DA:222,0
DA:223,0
DA:224,0
DA:226,0
DA:233,0
DA:234,0
DA:238,0
DA:239,0
DA:243,0
DA:244,0
DA:248,0
DA:249,0
DA:264,0
DA:265,0
DA:266,0
DA:271,0
DA:272,0
DA:273,0
DA:274,0
DA:278,0
DA:283,0
DA:287,0
DA:291,0
DA:292,0
DA:293,0
DA:297,0
DA:298,0
DA:302,0
DA:303,0
DA:304,0
DA:309,0
DA:313,0
DA:317,0
DA:318,0
DA:319,0
DA:320,0
DA:321,0
DA:327,0
DA:328,0
DA:329,0
DA:330,0
DA:331,0
DA:332,0
DA:338,0
DA:339,0
DA:344,0
DA:345,0
DA:346,0
DA:347,0
DA:348,0
DA:354,0
DA:355,0
DA:358,0
DA:359,0
DA:361,0
DA:368,0
DA:369,0
DA:374,0
DA:375,0
DA:376,0
DA:380,0
DA:381,0
DA:386,0
DA:387,0
DA:392,0
DA:396,0
DA:400,0
DA:401,0
DA:407,0
DA:408,0
DA:412,0
DA:413,0
DA:414,0
DA:416,0
DA:418,0
DA:420,0
DA:421,0
DA:425,0
DA:428,0
DA:430,0
DA:431,0
DA:432,0
DA:434,0
DA:438,0
DA:442,0
DA:447,0
DA:451,0
DA:455,0
DA:456,0
DA:458,0
DA:462,0
DA:466,0
DA:470,0
LF:185
LH:2
BRDA:115,0,0,0
BRDA:115,0,1,0
BRDA:128,1,0,0
BRDA:128,1,1,0
BRDA:133,2,0,0
BRDA:133,2,1,0
BRDA:153,3,0,0
BRDA:153,3,1,0
BRDA:177,4,0,0
BRDA:177,4,1,0
BRDA:181,5,0,0
BRDA:181,5,1,0
BRDA:205,6,0,0
BRDA:205,6,1,0
BRDA:223,7,0,0
BRDA:223,7,1,0
BRDA:318,8,0,0
BRDA:318,8,1,0
BRDA:320,9,0,0
BRDA:320,9,1,0
BRDA:328,10,0,0
BRDA:328,10,1,0
BRDA:331,11,0,0
BRDA:331,11,1,0
BRDA:338,12,0,0
BRDA:338,12,1,0
BRDA:338,13,0,0
BRDA:338,13,1,0
BRDA:345,14,0,0
BRDA:345,14,1,0
BRDA:347,15,0,0
BRDA:347,15,1,0
BRDA:354,16,0,0
BRDA:354,16,1,0
BRDA:358,17,0,0
BRDA:358,17,1,0
BRDA:368,18,0,0
BRDA:368,18,1,0
BRDA:380,19,0,0
BRDA:380,19,1,0
BRDA:386,20,0,0
BRDA:386,20,1,0
BRDA:400,21,0,0
BRDA:400,21,1,0
BRDA:407,22,0,0
BRDA:407,22,1,0
BRDA:412,23,0,0
BRDA:412,23,1,0
BRDA:416,24,0,0
BRDA:416,24,1,0
BRDA:425,25,0,0
BRDA:425,25,1,0
BRDA:431,26,0,0
BRDA:431,26,1,0
BRDA:438,27,0,0
BRDA:438,27,1,0
BRDA:439,28,0,0
BRDA:439,28,1,0
BRDA:455,29,0,0
BRDA:455,29,1,0
BRF:60
BRH:0
end_of_record
TN:
SF:app/utils/tokbox-network-monitor.js
FN:27,(anonymous_0)
FN:29,(anonymous_1)
FN:32,(anonymous_2)
FN:37,(anonymous_3)
FN:40,(anonymous_4)
FN:45,(anonymous_5)
FN:49,(anonymous_6)
FN:53,(anonymous_7)
FN:62,(anonymous_8)
FN:76,(anonymous_9)
FN:89,(anonymous_10)
FN:119,(anonymous_11)
FN:121,(anonymous_12)
FN:122,(anonymous_13)
FN:126,(anonymous_14)
FN:141,(anonymous_15)
FN:146,(anonymous_16)
FN:162,(anonymous_17)
FN:178,(anonymous_18)
FN:199,(anonymous_19)
FN:218,(anonymous_20)
FN:224,(anonymous_21)
FNF:22
FNH:0
FNDA:0,(anonymous_0)
FNDA:0,(anonymous_1)
FNDA:0,(anonymous_2)
FNDA:0,(anonymous_3)
FNDA:0,(anonymous_4)
FNDA:0,(anonymous_5)
FNDA:0,(anonymous_6)
FNDA:0,(anonymous_7)
FNDA:0,(anonymous_8)
FNDA:0,(anonymous_9)
FNDA:0,(anonymous_10)
FNDA:0,(anonymous_11)
FNDA:0,(anonymous_12)
FNDA:0,(anonymous_13)
FNDA:0,(anonymous_14)
FNDA:0,(anonymous_15)
FNDA:0,(anonymous_16)
FNDA:0,(anonymous_17)
FNDA:0,(anonymous_18)
FNDA:0,(anonymous_19)
FNDA:0,(anonymous_20)
FNDA:0,(anonymous_21)
DA:7,1
DA:20,0
DA:21,0
DA:22,0
DA:23,0
DA:24,0
DA:25,0
DA:26,0
DA:30,0
DA:31,0
DA:32,0
DA:33,0
DA:38,0
DA:39,0
DA:40,0
DA:41,0
DA:46,0
DA:50,0
DA:54,0
DA:58,0
DA:63,0
DA:64,0
DA:65,0
DA:66,0
DA:67,0
DA:77,0
DA:79,0
DA:83,0
DA:84,0
DA:85,0
DA:90,0
DA:91,0
DA:92,0
DA:93,0
DA:94,0
DA:95,0
DA:96,0
DA:98,0
DA:102,0
DA:104,0
DA:108,0
DA:112,0
DA:116,0
DA:120,0
DA:122,0
DA:123,0
DA:124,0
DA:126,0
DA:127,0
DA:128,0
DA:131,0
DA:132,0
DA:134,0
DA:136,0
DA:141,0
DA:142,0
DA:147,0
DA:148,0
DA:150,0
DA:151,0
DA:152,0
DA:153,0
DA:154,0
DA:156,0
DA:163,0
DA:164,0
DA:165,0
DA:166,0
DA:171,0
DA:172,0
DA:175,0
DA:179,0
DA:180,0
DA:181,0
DA:186,0
DA:191,0
DA:196,0
DA:200,0
DA:201,0
DA:202,0
DA:219,0
DA:220,0
DA:222,0
DA:223,0
DA:224,0
DA:225,0
DA:226,0
DA:227,0
DA:228,0
DA:232,0
DA:235,0
DA:237,0
DA:238,0
DA:239,0
DA:241,0
DA:243,0
DA:248,0
LF:97
LH:1
BRDA:54,0,0,0
BRDA:54,0,1,0
BRDA:55,1,0,0
BRDA:55,1,1,0
BRDA:55,1,2,0
BRDA:76,2,0,0
BRDA:84,3,0,0
BRDA:84,3,1,0
BRDA:89,4,0,0
BRDA:94,5,0,0
BRDA:94,5,1,0
BRDA:98,6,0,0
BRDA:98,6,1,0
BRDA:123,7,0,0
BRDA:123,7,1,0
BRDA:127,8,0,0
BRDA:127,8,1,0
BRDA:131,9,0,0
BRDA:131,9,1,0
BRDA:147,10,0,0
BRDA:147,10,1,0
BRDA:147,11,0,0
BRDA:147,11,1,0
BRDA:150,12,0,0
BRDA:150,12,1,0
BRDA:153,13,0,0
BRDA:153,13,1,0
BRDA:157,14,0,0
BRDA:157,14,1,0
BRDA:164,15,0,0
BRDA:164,15,1,0
BRDA:164,16,0,0
BRDA:164,16,1,0
BRDA:171,17,0,0
BRDA:171,17,1,0
BRDA:171,18,0,0
BRDA:171,18,1,0
BRDA:180,19,0,0
BRDA:180,19,1,0
BRDA:180,20,0,0
BRDA:180,20,1,0
BRDA:180,20,2,0
BRDA:186,21,0,0
BRDA:186,21,1,0
BRDA:187,22,0,0
BRDA:187,22,1,0
BRDA:187,22,2,0
BRDA:200,23,0,0
BRDA:200,23,1,0
BRDA:201,24,0,0
BRDA:201,24,1,0
BRDA:219,25,0,0
BRDA:219,25,1,0
BRDA:219,26,0,0
BRDA:219,26,1,0
BRDA:227,27,0,0
BRDA:227,27,1,0
BRDA:227,28,0,0
BRDA:227,28,1,0
BRDA:232,29,0,0
BRDA:232,29,1,0
BRDA:232,29,2,0
BRDA:233,30,0,0
BRDA:233,30,1,0
BRDA:233,30,2,0
BRDA:235,31,0,0
BRDA:235,31,1,0
BRDA:235,31,2,0
BRDA:236,32,0,0
BRDA:236,32,1,0
BRDA:236,32,2,0
BRDA:241,33,0,0
BRDA:241,33,1,0
BRF:73
BRH:0
end_of_record
TN:
SF:app/utils/events/activity.js
FN:3,(anonymous_0)
FN:31,(anonymous_1)
FN:37,(anonymous_2)
FN:41,(anonymous_3)
FN:45,(anonymous_4)
FN:49,(anonymous_5)
FNF:6
FNH:0
FNDA:0,(anonymous_0)
FNDA:0,(anonymous_1)
FNDA:0,(anonymous_2)
FNDA:0,(anonymous_3)
FNDA:0,(anonymous_4)
FNDA:0,(anonymous_5)
DA:3,1
DA:11,0
DA:12,0
DA:15,0
DA:16,0
DA:21,0
DA:31,1
DA:37,1
DA:41,1
DA:45,1
DA:49,1
LF:11
LH:6
BRDA:5,0,0,0
BRDA:8,1,0,0
BRDA:9,2,0,0
BRDA:11,3,0,0
BRDA:11,3,1,0
BRDA:11,4,0,0
BRDA:11,4,1,0
BRDA:15,5,0,0
BRDA:15,5,1,0
BRDA:15,6,0,0
BRDA:15,6,1,0
BRF:11
BRH:0
end_of_record
TN:
SF:app/utils/events/errors.js
FN:2,(anonymous_0)
FNF:1
FNH:0
FNDA:0,(anonymous_0)
DA:3,0
DA:4,0
LF:2
LH:0
BRF:0
BRH:0
end_of_record
TN:
SF:app/utils/events/index.js
FNF:0
FNH:0
LF:0
LH:0
BRF:0
BRH:0
end_of_record
TN:
SF:app/utils/events/names.js
FNF:0
FNH:0
LF:0
LH:0
BRF:0
BRH:0
end_of_record
TN:
SF:app/utils/intl/missing-message.js
FN:4,missingMessage
FNF:1
FNH:1
FNDA:161,missingMessage
DA:5,161
DA:6,161
DA:7,161
LF:3
LH:3
BRF:0
BRH:0
end_of_record
